<?xml version="1.0" encoding="UTF-8"?>
<coverage generated="1750067091904" clover="3.2.0">
  <project timestamp="1750067091904" name="All files">
    <metrics statements="153" coveredstatements="142" conditionals="120" coveredconditionals="67" methods="41" coveredmethods="35" elements="314" coveredelements="244" complexity="0" loc="153" ncloc="153" packages="6" files="13" classes="13"/>
    <package name="src">
      <metrics statements="27" coveredstatements="25" conditionals="27" coveredconditionals="3" methods="5" coveredmethods="3"/>
      <file name="App.tsx" path="D:\Training\React\react_hook_form\src\App.tsx">
        <metrics statements="27" coveredstatements="25" conditionals="27" coveredconditionals="3" methods="5" coveredmethods="3"/>
        <line num="1" count="2" type="stmt"/>
        <line num="2" count="2" type="stmt"/>
        <line num="3" count="2" type="stmt"/>
        <line num="4" count="2" type="stmt"/>
        <line num="5" count="2" type="stmt"/>
        <line num="6" count="2" type="stmt"/>
        <line num="7" count="2" type="stmt"/>
        <line num="8" count="2" type="stmt"/>
        <line num="9" count="2" type="stmt"/>
        <line num="10" count="2" type="stmt"/>
        <line num="11" count="2" type="stmt"/>
        <line num="12" count="2" type="stmt"/>
        <line num="13" count="2" type="stmt"/>
        <line num="14" count="8" type="stmt"/>
        <line num="16" count="14" type="stmt"/>
        <line num="17" count="8" type="stmt"/>
        <line num="24" count="8" type="stmt"/>
        <line num="26" count="8" type="stmt"/>
        <line num="28" count="8" type="stmt"/>
        <line num="30" count="8" type="stmt"/>
        <line num="32" count="8" type="stmt"/>
        <line num="33" count="0" type="stmt"/>
        <line num="41" count="8" type="stmt"/>
        <line num="42" count="4" type="stmt"/>
        <line num="45" count="8" type="stmt"/>
        <line num="97" count="0" type="stmt"/>
        <line num="115" count="2" type="stmt"/>
      </file>
    </package>
    <package name="src.components">
      <metrics statements="68" coveredstatements="62" conditionals="65" coveredconditionals="42" methods="24" coveredmethods="20"/>
      <file name="Header.tsx" path="D:\Training\React\react_hook_form\src\components\Header.tsx">
        <metrics statements="29" coveredstatements="24" conditionals="31" coveredconditionals="12" methods="10" coveredmethods="7"/>
        <line num="3" count="3" type="stmt"/>
        <line num="4" count="3" type="stmt"/>
        <line num="5" count="3" type="stmt"/>
        <line num="6" count="3" type="stmt"/>
        <line num="7" count="3" type="stmt"/>
        <line num="9" count="3" type="stmt"/>
        <line num="19" count="3" type="stmt"/>
        <line num="20" count="25" type="stmt"/>
        <line num="21" count="25" type="stmt"/>
        <line num="22" count="25" type="stmt"/>
        <line num="30" count="25" type="stmt"/>
        <line num="32" count="25" type="stmt"/>
        <line num="33" count="3" type="stmt"/>
        <line num="36" count="25" type="stmt"/>
        <line num="37" count="9" type="stmt"/>
        <line num="39" count="0" type="cond" truecount="0" falsecount="5"/>
        <line num="40" count="0" type="stmt"/>
        <line num="46" count="9" type="cond" truecount="1" falsecount="1"/>
        <line num="47" count="9" type="stmt"/>
        <line num="50" count="9" type="stmt"/>
        <line num="51" count="9" type="cond" truecount="1" falsecount="1"/>
        <line num="52" count="0" type="stmt"/>
        <line num="57" count="25" type="stmt"/>
        <line num="68" count="1" type="stmt"/>
        <line num="79" count="175" type="stmt"/>
        <line num="87" count="5" type="stmt"/>
        <line num="111" count="0" type="stmt"/>
        <line num="112" count="0" type="stmt"/>
        <line num="147" count="3" type="stmt"/>
      </file>
      <file name="Heading.tsx" path="D:\Training\React\react_hook_form\src\components\Heading.tsx">
        <metrics statements="3" coveredstatements="3" conditionals="0" coveredconditionals="0" methods="1" coveredmethods="1"/>
        <line num="1" count="2" type="stmt"/>
        <line num="2" count="8" type="stmt"/>
        <line num="17" count="2" type="stmt"/>
      </file>
      <file name="Item.tsx" path="D:\Training\React\react_hook_form\src\components\Item.tsx">
        <metrics statements="9" coveredstatements="9" conditionals="22" coveredconditionals="18" methods="5" coveredmethods="5"/>
        <line num="21" count="2" type="stmt"/>
        <line num="22" count="4" type="cond" truecount="2" falsecount="0"/>
        <line num="23" count="2" type="stmt"/>
        <line num="34" count="2" type="stmt"/>
        <line num="40" count="2" type="stmt"/>
        <line num="49" count="2" type="stmt"/>
        <line num="59" count="4" type="stmt"/>
        <line num="65" count="4" type="stmt"/>
        <line num="74" count="2" type="stmt"/>
      </file>
      <file name="ItemFilter.tsx" path="D:\Training\React\react_hook_form\src\components\ItemFilter.tsx">
        <metrics statements="7" coveredstatements="7" conditionals="2" coveredconditionals="2" methods="2" coveredmethods="2"/>
        <line num="1" count="2" type="stmt"/>
        <line num="3" count="2" type="stmt"/>
        <line num="12" count="54" type="stmt"/>
        <line num="14" count="54" type="stmt"/>
        <line num="17" count="1" type="stmt"/>
        <line num="21" count="1" type="stmt"/>
        <line num="30" count="2" type="stmt"/>
      </file>
      <file name="Pagination.tsx" path="D:\Training\React\react_hook_form\src\components\Pagination.tsx">
        <metrics statements="14" coveredstatements="13" conditionals="8" coveredconditionals="8" methods="4" coveredmethods="3"/>
        <line num="1" count="2" type="stmt"/>
        <line num="2" count="2" type="stmt"/>
        <line num="6" count="2" type="stmt"/>
        <line num="7" count="2" type="stmt"/>
        <line num="8" count="4" type="stmt"/>
        <line num="10" count="4" type="stmt"/>
        <line num="12" count="4" type="cond" truecount="2" falsecount="0"/>
        <line num="14" count="4" type="stmt"/>
        <line num="15" count="1" type="stmt"/>
        <line num="16" count="1" type="stmt"/>
        <line num="19" count="4" type="stmt"/>
        <line num="37" count="0" type="stmt"/>
        <line num="51" count="1" type="stmt"/>
        <line num="62" count="2" type="stmt"/>
      </file>
      <file name="Search.tsx" path="D:\Training\React\react_hook_form\src\components\Search.tsx">
        <metrics statements="6" coveredstatements="6" conditionals="2" coveredconditionals="2" methods="2" coveredmethods="2"/>
        <line num="1" count="2" type="stmt"/>
        <line num="3" count="2" type="stmt"/>
        <line num="12" count="2" type="stmt"/>
        <line num="19" count="9" type="stmt"/>
        <line num="24" count="54" type="stmt"/>
        <line num="40" count="2" type="stmt"/>
      </file>
    </package>
    <package name="src.constants">
      <metrics statements="1" coveredstatements="1" conditionals="0" coveredconditionals="0" methods="0" coveredmethods="0"/>
      <file name="index.ts" path="D:\Training\React\react_hook_form\src\constants\index.ts">
        <metrics statements="1" coveredstatements="1" conditionals="0" coveredconditionals="0" methods="0" coveredmethods="0"/>
        <line num="1" count="4" type="stmt"/>
      </file>
    </package>
    <package name="src.fetchApi">
      <metrics statements="26" coveredstatements="24" conditionals="12" coveredconditionals="9" methods="4" coveredmethods="4"/>
      <file name="getDataInfiniteLoad.ts" path="D:\Training\React\react_hook_form\src\fetchApi\getDataInfiniteLoad.ts">
        <metrics statements="5" coveredstatements="5" conditionals="2" coveredconditionals="1" methods="2" coveredmethods="2"/>
        <line num="1" count="3" type="stmt"/>
        <line num="2" count="3" type="stmt"/>
        <line num="4" count="14" type="cond" truecount="1" falsecount="1"/>
        <line num="5" count="14" type="stmt"/>
        <line num="10" count="7" type="stmt"/>
      </file>
      <file name="getDataWithPagination.ts" path="D:\Training\React\react_hook_form\src\fetchApi\getDataWithPagination.ts">
        <metrics statements="21" coveredstatements="19" conditionals="10" coveredconditionals="8" methods="2" coveredmethods="2"/>
        <line num="1" count="3" type="stmt"/>
        <line num="2" count="3" type="stmt"/>
        <line num="4" count="3" type="stmt"/>
        <line num="14" count="8" type="stmt"/>
        <line num="15" count="8" type="stmt"/>
        <line num="16" count="8" type="stmt"/>
        <line num="18" count="8" type="cond" truecount="4" falsecount="0"/>
        <line num="19" count="1" type="stmt"/>
        <line num="21" count="7" type="cond" truecount="2" falsecount="0"/>
        <line num="22" count="5" type="stmt"/>
        <line num="23" count="2" type="cond" truecount="1" falsecount="1"/>
        <line num="24" count="2" type="stmt"/>
        <line num="28" count="8" type="stmt"/>
        <line num="29" count="8" type="stmt"/>
        <line num="31" count="4" type="stmt"/>
        <line num="33" count="4" type="stmt"/>
        <line num="35" count="1" type="cond" truecount="1" falsecount="1"/>
        <line num="36" count="0" type="stmt"/>
        <line num="37" count="0" type="stmt"/>
        <line num="39" count="1" type="stmt"/>
        <line num="41" count="1" type="stmt"/>
      </file>
    </package>
    <package name="src.fetures">
      <metrics statements="23" coveredstatements="22" conditionals="13" coveredconditionals="10" methods="6" coveredmethods="6"/>
      <file name="useGetDataWithPagination.ts" path="D:\Training\React\react_hook_form\src\fetures\useGetDataWithPagination.ts">
        <metrics statements="16" coveredstatements="15" conditionals="10" coveredconditionals="9" methods="3" coveredmethods="3"/>
        <line num="1" count="2" type="stmt"/>
        <line num="2" count="2" type="stmt"/>
        <line num="3" count="2" type="stmt"/>
        <line num="5" count="2" type="stmt"/>
        <line num="6" count="8" type="stmt"/>
        <line num="8" count="8" type="cond" truecount="2" falsecount="0"/>
        <line num="9" count="8" type="cond" truecount="2" falsecount="0"/>
        <line num="13" count="8" type="stmt"/>
        <line num="18" count="8" type="stmt"/>
        <line num="19" count="8" type="stmt"/>
        <line num="20" count="8" type="cond" truecount="3" falsecount="1"/>
        <line num="21" count="0" type="stmt"/>
        <line num="27" count="8" type="cond" truecount="2" falsecount="0"/>
        <line num="29" count="8" type="stmt"/>
        <line num="30" count="3" type="stmt"/>
        <line num="34" count="8" type="stmt"/>
      </file>
      <file name="useGetInfiniteLoad.ts" path="D:\Training\React\react_hook_form\src\fetures\useGetInfiniteLoad.ts">
        <metrics statements="7" coveredstatements="7" conditionals="3" coveredconditionals="1" methods="3" coveredmethods="3"/>
        <line num="1" count="3" type="stmt"/>
        <line num="2" count="3" type="stmt"/>
        <line num="4" count="3" type="cond" truecount="0" falsecount="1"/>
        <line num="6" count="25" type="stmt"/>
        <line num="8" count="14" type="stmt"/>
        <line num="10" count="3" type="cond" truecount="1" falsecount="1"/>
        <line num="16" count="25" type="stmt"/>
      </file>
    </package>
    <package name="src.store">
      <metrics statements="8" coveredstatements="8" conditionals="3" coveredconditionals="3" methods="2" coveredmethods="2"/>
      <file name="store.ts" path="D:\Training\React\react_hook_form\src\store\store.ts">
        <metrics statements="8" coveredstatements="8" conditionals="3" coveredconditionals="3" methods="2" coveredmethods="2"/>
        <line num="1" count="2" type="stmt"/>
        <line num="7" count="2" type="stmt"/>
        <line num="11" count="4" type="stmt"/>
        <line num="16" count="2" type="stmt"/>
        <line num="20" count="6" type="cond" truecount="2" falsecount="0"/>
        <line num="22" count="4" type="stmt"/>
        <line num="25" count="2" type="stmt"/>
        <line num="29" count="2" type="stmt"/>
      </file>
    </package>
  </project>
</coverage>
