{"D:\\Training\\React\\react_hook_form\\src\\App.tsx": {"path":"D:\\Training\\React\\react_hook_form\\src\\App.tsx","statementMap":{"0":{"start":{"line":1,"column":0},"end":{"line":1,"column":44}},"1":{"start":{"line":2,"column":0},"end":{"line":2,"column":45}},"2":{"start":{"line":3,"column":0},"end":{"line":3,"column":47}},"3":{"start":{"line":4,"column":0},"end":{"line":4,"column":45}},"4":{"start":{"line":5,"column":0},"end":{"line":5,"column":42}},"5":{"start":{"line":6,"column":0},"end":{"line":6,"column":51}},"6":{"start":{"line":7,"column":0},"end":{"line":7,"column":81}},"7":{"start":{"line":8,"column":0},"end":{"line":8,"column":69}},"8":{"start":{"line":9,"column":0},"end":{"line":9,"column":53}},"9":{"start":{"line":10,"column":0},"end":{"line":10,"column":62}},"10":{"start":{"line":11,"column":0},"end":{"line":11,"column":63}},"11":{"start":{"line":12,"column":0},"end":{"line":12,"column":55}},"12":{"start":{"line":13,"column":12},"end":{"line":113,"column":1}},"13":{"start":{"line":14,"column":36},"end":{"line":14,"column":53}},"14":{"start":{"line":16,"column":20},"end":{"line":16,"column":64}},"15":{"start":{"line":16,"column":51},"end":{"line":16,"column":63}},"16":{"start":{"line":17,"column":19},"end":{"line":17,"column":32}},"17":{"start":{"line":24,"column":6},"end":{"line":24,"column":23}},"18":{"start":{"line":26,"column":21},"end":{"line":26,"column":28}},"19":{"start":{"line":28,"column":30},"end":{"line":28,"column":47}},"20":{"start":{"line":30,"column":39},"end":{"line":30,"column":65}},"21":{"start":{"line":32,"column":42},"end":{"line":38,"column":3}},"22":{"start":{"line":33,"column":4},"end":{"line":37,"column":7}},"23":{"start":{"line":41,"column":2},"end":{"line":43,"column":25}},"24":{"start":{"line":42,"column":4},"end":{"line":42,"column":41}},"25":{"start":{"line":45,"column":2},"end":{"line":112,"column":4}},"26":{"start":{"line":97,"column":12},"end":{"line":97,"column":30}},"27":{"start":{"line":115,"column":0},"end":{"line":115,"column":19}}},"fnMap":{"0":{"name":"(anonymous_1)","decl":{"start":{"line":13,"column":12},"end":{"line":13,"column":15}},"loc":{"start":{"line":13,"column":17},"end":{"line":113,"column":1}}},"1":{"name":"(anonymous_2)","decl":{"start":{"line":16,"column":32},"end":{"line":16,"column":33}},"loc":{"start":{"line":16,"column":51},"end":{"line":16,"column":63}}},"2":{"name":"(anonymous_3)","decl":{"start":{"line":32,"column":42},"end":{"line":32,"column":45}},"loc":{"start":{"line":32,"column":47},"end":{"line":38,"column":3}}},"3":{"name":"(anonymous_4)","decl":{"start":{"line":41,"column":12},"end":{"line":41,"column":15}},"loc":{"start":{"line":41,"column":17},"end":{"line":43,"column":3}}},"4":{"name":"(anonymous_5)","decl":{"start":{"line":96,"column":24},"end":{"line":96,"column":25}},"loc":{"start":{"line":97,"column":12},"end":{"line":97,"column":30}}}},"branchMap":{"0":{"loc":{"start":{"line":75,"column":15},"end":{"line":78,"column":null}},"type":"binary-expr","locations":[{"start":{"line":75,"column":15},"end":{"line":75,"column":28}},{"start":{"line":76,"column":16},"end":{"line":77,"column":null}}]},"1":{"loc":{"start":{"line":93,"column":9},"end":{"line":100,"column":null}},"type":"cond-expr","locations":[{"start":{"line":94,"column":10},"end":{"line":94,"column":64}},{"start":{"line":95,"column":12},"end":{"line":100,"column":null}}]},"2":{"loc":{"start":{"line":95,"column":12},"end":{"line":100,"column":null}},"type":"cond-expr","locations":[{"start":{"line":96,"column":10},"end":{"line":98,"column":12}},{"start":{"line":100,"column":10},"end":{"line":100,"column":58}}]},"3":{"loc":{"start":{"line":95,"column":12},"end":{"line":95,"column":72}},"type":"binary-expr","locations":[{"start":{"line":95,"column":12},"end":{"line":95,"column":16}},{"start":{"line":95,"column":20},"end":{"line":95,"column":40}},{"start":{"line":95,"column":44},"end":{"line":95,"column":53}},{"start":{"line":95,"column":57},"end":{"line":95,"column":71}}]},"4":{"loc":{"start":{"line":95,"column":57},"end":{"line":95,"column":71}},"type":"cond-expr","locations":[{"start":{"line":95,"column":61},"end":{"line":95,"column":63}},{"start":{"line":95,"column":57},"end":{"line":95,"column":71}}]},"5":{"loc":{"start":{"line":95,"column":57},"end":{"line":95,"column":63}},"type":"binary-expr","locations":[{"start":{"line":95,"column":57},"end":{"line":95,"column":63}},{"start":{"line":95,"column":57},"end":{"line":95,"column":63}}]},"6":{"loc":{"start":{"line":104,"column":9},"end":{"line":108,"column":null}},"type":"binary-expr","locations":[{"start":{"line":104,"column":9},"end":{"line":104,"column":19}},{"start":{"line":105,"column":10},"end":{"line":105,"column":18}},{"start":{"line":106,"column":10},"end":{"line":106,"column":30}},{"start":{"line":107,"column":10},"end":{"line":107,"column":40}},{"start":{"line":108,"column":12},"end":{"line":108,"column":49}}]},"7":{"loc":{"start":{"line":107,"column":11},"end":{"line":107,"column":36}},"type":"cond-expr","locations":[{"start":{"line":107,"column":15},"end":{"line":107,"column":17}},{"start":{"line":107,"column":11},"end":{"line":107,"column":36}}]},"8":{"loc":{"start":{"line":107,"column":11},"end":{"line":107,"column":17}},"type":"binary-expr","locations":[{"start":{"line":107,"column":11},"end":{"line":107,"column":17}},{"start":{"line":107,"column":11},"end":{"line":107,"column":17}}]},"9":{"loc":{"start":{"line":108,"column":31},"end":{"line":108,"column":45}},"type":"cond-expr","locations":[{"start":{"line":108,"column":35},"end":{"line":108,"column":37}},{"start":{"line":108,"column":31},"end":{"line":108,"column":45}}]},"10":{"loc":{"start":{"line":108,"column":31},"end":{"line":108,"column":37}},"type":"binary-expr","locations":[{"start":{"line":108,"column":31},"end":{"line":108,"column":37}},{"start":{"line":108,"column":31},"end":{"line":108,"column":37}}]}},"s":{"0":2,"1":2,"2":2,"3":2,"4":2,"5":2,"6":2,"7":2,"8":2,"9":2,"10":2,"11":2,"12":2,"13":8,"14":8,"15":14,"16":8,"17":8,"18":8,"19":8,"20":8,"21":8,"22":0,"23":8,"24":4,"25":8,"26":0,"27":2},"f":{"0":8,"1":14,"2":0,"3":4,"4":0},"b":{"0":[8,0],"1":[8,0],"2":[0,0],"3":[0,0,0,0],"4":[0,0],"5":[0,0],"6":[8,0,0,0,0],"7":[0,0],"8":[0,0],"9":[0,0],"10":[0,0]}}
,"D:\\Training\\React\\react_hook_form\\src\\components\\Header.tsx": {"path":"D:\\Training\\React\\react_hook_form\\src\\components\\Header.tsx","statementMap":{"0":{"start":{"line":3,"column":0},"end":{"line":3,"column":59}},"1":{"start":{"line":4,"column":0},"end":{"line":4,"column":42}},"2":{"start":{"line":5,"column":0},"end":{"line":5,"column":48}},"3":{"start":{"line":6,"column":0},"end":{"line":6,"column":49}},"4":{"start":{"line":7,"column":0},"end":{"line":7,"column":67}},"5":{"start":{"line":9,"column":30},"end":{"line":17,"column":2}},"6":{"start":{"line":19,"column":15},"end":{"line":145,"column":1}},"7":{"start":{"line":20,"column":36},"end":{"line":20,"column":59}},"8":{"start":{"line":21,"column":20},"end":{"line":21,"column":55}},"9":{"start":{"line":22,"column":30},"end":{"line":22,"column":50}},"10":{"start":{"line":30,"column":6},"end":{"line":30,"column":43}},"11":{"start":{"line":32,"column":23},"end":{"line":34,"column":3}},"12":{"start":{"line":33,"column":4},"end":{"line":33,"column":37}},"13":{"start":{"line":36,"column":2},"end":{"line":55,"column":55}},"14":{"start":{"line":37,"column":21},"end":{"line":43,"column":null}},"15":{"start":{"line":39,"column":8},"end":{"line":41,"column":9}},"16":{"start":{"line":40,"column":10},"end":{"line":40,"column":26}},"17":{"start":{"line":46,"column":4},"end":{"line":48,"column":5}},"18":{"start":{"line":47,"column":6},"end":{"line":47,"column":42}},"19":{"start":{"line":50,"column":4},"end":{"line":54,"column":6}},"20":{"start":{"line":51,"column":6},"end":{"line":53,"column":7}},"21":{"start":{"line":52,"column":8},"end":{"line":52,"column":46}},"22":{"start":{"line":57,"column":2},"end":{"line":144,"column":4}},"23":{"start":{"line":68,"column":10},"end":{"line":68,"column":24}},"24":{"start":{"line":79,"column":12},"end":{"line":79,"column":37}},"25":{"start":{"line":87,"column":12},"end":{"line":87,"column":38}},"26":{"start":{"line":111,"column":14},"end":{"line":111,"column":null}},"27":{"start":{"line":112,"column":51},"end":{"line":122,"column":18}},"28":{"start":{"line":147,"column":0},"end":{"line":147,"column":22}}},"fnMap":{"0":{"name":"(anonymous_9)","decl":{"start":{"line":19,"column":15},"end":{"line":19,"column":18}},"loc":{"start":{"line":19,"column":20},"end":{"line":145,"column":1}}},"1":{"name":"(anonymous_10)","decl":{"start":{"line":32,"column":23},"end":{"line":32,"column":24}},"loc":{"start":{"line":32,"column":71},"end":{"line":34,"column":3}}},"2":{"name":"(anonymous_11)","decl":{"start":{"line":36,"column":12},"end":{"line":36,"column":15}},"loc":{"start":{"line":36,"column":17},"end":{"line":55,"column":3}}},"3":{"name":"(anonymous_12)","decl":{"start":{"line":38,"column":6},"end":{"line":38,"column":7}},"loc":{"start":{"line":38,"column":18},"end":{"line":42,"column":7}}},"4":{"name":"(anonymous_13)","decl":{"start":{"line":50,"column":11},"end":{"line":50,"column":14}},"loc":{"start":{"line":50,"column":16},"end":{"line":54,"column":5}}},"5":{"name":"(anonymous_14)","decl":{"start":{"line":67,"column":22},"end":{"line":67,"column":25}},"loc":{"start":{"line":67,"column":27},"end":{"line":69,"column":9}}},"6":{"name":"(anonymous_15)","decl":{"start":{"line":78,"column":27},"end":{"line":78,"column":28}},"loc":{"start":{"line":79,"column":12},"end":{"line":79,"column":37}}},"7":{"name":"(anonymous_16)","decl":{"start":{"line":86,"column":20},"end":{"line":86,"column":21}},"loc":{"start":{"line":86,"column":26},"end":{"line":88,"column":11}}},"8":{"name":"(anonymous_17)","decl":{"start":{"line":110,"column":28},"end":{"line":110,"column":29}},"loc":{"start":{"line":111,"column":14},"end":{"line":111,"column":null}}},"9":{"name":"(anonymous_18)","decl":{"start":{"line":112,"column":34},"end":{"line":112,"column":35}},"loc":{"start":{"line":112,"column":50},"end":{"line":122,"column":18}}}},"branchMap":{"0":{"loc":{"start":{"line":39,"column":8},"end":{"line":41,"column":9}},"type":"if","locations":[{"start":{"line":39,"column":8},"end":{"line":41,"column":9}},{"start":{},"end":{}}]},"1":{"loc":{"start":{"line":39,"column":12},"end":{"line":39,"column":75}},"type":"binary-expr","locations":[{"start":{"line":39,"column":12},"end":{"line":39,"column":37}},{"start":{"line":39,"column":41},"end":{"line":39,"column":52}},{"start":{"line":39,"column":56},"end":{"line":39,"column":75}}]},"2":{"loc":{"start":{"line":46,"column":4},"end":{"line":48,"column":5}},"type":"if","locations":[{"start":{"line":46,"column":4},"end":{"line":48,"column":5}},{"start":{},"end":{}}]},"3":{"loc":{"start":{"line":51,"column":6},"end":{"line":53,"column":7}},"type":"if","locations":[{"start":{"line":51,"column":6},"end":{"line":53,"column":7}},{"start":{},"end":{}}]},"4":{"loc":{"start":{"line":95,"column":12},"end":{"line":95,"column":null}},"type":"cond-expr","locations":[{"start":{"line":95,"column":21},"end":{"line":95,"column":28}},{"start":{"line":95,"column":31},"end":{"line":95,"column":null}}]},"5":{"loc":{"start":{"line":98,"column":11},"end":{"line":124,"column":null}},"type":"cond-expr","locations":[{"start":{"line":99,"column":12},"end":{"line":101,"column":null}},{"start":{"line":105,"column":14},"end":{"line":124,"column":null}}]},"6":{"loc":{"start":{"line":105,"column":14},"end":{"line":124,"column":null}},"type":"cond-expr","locations":[{"start":{"line":106,"column":12},"end":{"line":106,"column":null}},{"start":{"line":110,"column":12},"end":{"line":124,"column":14}}]},"7":{"loc":{"start":{"line":105,"column":14},"end":{"line":105,"column":43}},"type":"cond-expr","locations":[{"start":{"line":105,"column":18},"end":{"line":105,"column":20}},{"start":{"line":105,"column":14},"end":{"line":105,"column":43}}]},"8":{"loc":{"start":{"line":105,"column":14},"end":{"line":105,"column":20}},"type":"binary-expr","locations":[{"start":{"line":105,"column":14},"end":{"line":105,"column":20}},{"start":{"line":105,"column":14},"end":{"line":105,"column":20}}]},"9":{"loc":{"start":{"line":110,"column":12},"end":{"line":124,"column":14}},"type":"cond-expr","locations":[{"start":{"line":110,"column":16},"end":{"line":110,"column":18}},{"start":{"line":110,"column":12},"end":{"line":124,"column":14}}]},"10":{"loc":{"start":{"line":110,"column":12},"end":{"line":110,"column":18}},"type":"binary-expr","locations":[{"start":{"line":110,"column":12},"end":{"line":110,"column":18}},{"start":{"line":110,"column":12},"end":{"line":110,"column":18}}]},"11":{"loc":{"start":{"line":119,"column":33},"end":{"line":119,"column":57}},"type":"cond-expr","locations":[{"start":{"line":119,"column":48},"end":{"line":119,"column":52}},{"start":{"line":119,"column":52},"end":{"line":119,"column":57}}]},"12":{"loc":{"start":{"line":119,"column":33},"end":{"line":119,"column":52}},"type":"binary-expr","locations":[{"start":{"line":119,"column":33},"end":{"line":119,"column":52}},{"start":{"line":119,"column":48},"end":{"line":119,"column":52}}]},"13":{"loc":{"start":{"line":126,"column":11},"end":{"line":127,"column":null}},"type":"binary-expr","locations":[{"start":{"line":126,"column":11},"end":{"line":126,"column":29}},{"start":{"line":127,"column":12},"end":{"line":127,"column":64}}]},"14":{"loc":{"start":{"line":129,"column":11},"end":{"line":129,"column":38}},"type":"binary-expr","locations":[{"start":{"line":129,"column":11},"end":{"line":129,"column":16}},{"start":{"line":129,"column":20},"end":{"line":129,"column":38}}]}},"s":{"0":3,"1":3,"2":3,"3":3,"4":3,"5":3,"6":3,"7":25,"8":25,"9":25,"10":25,"11":25,"12":3,"13":25,"14":9,"15":0,"16":0,"17":9,"18":9,"19":9,"20":9,"21":0,"22":25,"23":1,"24":175,"25":5,"26":0,"27":0,"28":3},"f":{"0":25,"1":3,"2":9,"3":0,"4":9,"5":1,"6":175,"7":5,"8":0,"9":0},"b":{"0":[0,0],"1":[0,0,0],"2":[9,0],"3":[0,9],"4":[6,19],"5":[24,1],"6":[1,0],"7":[0,1],"8":[1,1],"9":[0,0],"10":[0,0],"11":[0,0],"12":[0,0],"13":[25,0],"14":[25,0]}}
,"D:\\Training\\React\\react_hook_form\\src\\components\\Heading.tsx": {"path":"D:\\Training\\React\\react_hook_form\\src\\components\\Heading.tsx","statementMap":{"0":{"start":{"line":1,"column":16},"end":{"line":15,"column":1}},"1":{"start":{"line":2,"column":2},"end":{"line":14,"column":4}},"2":{"start":{"line":17,"column":0},"end":{"line":17,"column":23}}},"fnMap":{"0":{"name":"(anonymous_0)","decl":{"start":{"line":1,"column":16},"end":{"line":1,"column":19}},"loc":{"start":{"line":1,"column":21},"end":{"line":15,"column":1}}}},"branchMap":{},"s":{"0":2,"1":8,"2":2},"f":{"0":8},"b":{}}
,"D:\\Training\\React\\react_hook_form\\src\\components\\Item.tsx": {"path":"D:\\Training\\React\\react_hook_form\\src\\components\\Item.tsx","statementMap":{"0":{"start":{"line":21,"column":13},"end":{"line":72,"column":1}},"1":{"start":{"line":22,"column":2},"end":{"line":47,"column":3}},"2":{"start":{"line":23,"column":4},"end":{"line":46,"column":6}},"3":{"start":{"line":34,"column":12},"end":{"line":34,"column":30}},"4":{"start":{"line":40,"column":12},"end":{"line":40,"column":30}},"5":{"start":{"line":49,"column":2},"end":{"line":71,"column":4}},"6":{"start":{"line":59,"column":10},"end":{"line":59,"column":28}},"7":{"start":{"line":65,"column":10},"end":{"line":65,"column":28}},"8":{"start":{"line":74,"column":0},"end":{"line":74,"column":20}}},"fnMap":{"0":{"name":"(anonymous_0)","decl":{"start":{"line":21,"column":13},"end":{"line":21,"column":14}},"loc":{"start":{"line":21,"column":72},"end":{"line":72,"column":1}}},"1":{"name":"(anonymous_1)","decl":{"start":{"line":33,"column":43},"end":{"line":33,"column":44}},"loc":{"start":{"line":34,"column":12},"end":{"line":34,"column":30}}},"2":{"name":"(anonymous_2)","decl":{"start":{"line":39,"column":40},"end":{"line":39,"column":41}},"loc":{"start":{"line":40,"column":12},"end":{"line":40,"column":30}}},"3":{"name":"(anonymous_3)","decl":{"start":{"line":58,"column":42},"end":{"line":58,"column":43}},"loc":{"start":{"line":59,"column":10},"end":{"line":59,"column":28}}},"4":{"name":"(anonymous_4)","decl":{"start":{"line":64,"column":40},"end":{"line":64,"column":41}},"loc":{"start":{"line":65,"column":10},"end":{"line":65,"column":28}}}},"branchMap":{"0":{"loc":{"start":{"line":22,"column":2},"end":{"line":47,"column":3}},"type":"if","locations":[{"start":{"line":22,"column":2},"end":{"line":47,"column":3}},{"start":{},"end":{}}]},"1":{"loc":{"start":{"line":27,"column":10},"end":{"line":27,"column":null}},"type":"binary-expr","locations":[{"start":{"line":27,"column":10},"end":{"line":27,"column":14}},{"start":{"line":27,"column":18},"end":{"line":27,"column":null}}]},"2":{"loc":{"start":{"line":30,"column":23},"end":{"line":30,"column":43}},"type":"cond-expr","locations":[{"start":{"line":30,"column":27},"end":{"line":30,"column":36}},{"start":{"line":30,"column":23},"end":{"line":30,"column":43}}]},"3":{"loc":{"start":{"line":30,"column":23},"end":{"line":30,"column":36}},"type":"binary-expr","locations":[{"start":{"line":30,"column":23},"end":{"line":30,"column":38}},{"start":{"line":30,"column":23},"end":{"line":30,"column":36}}]},"4":{"loc":{"start":{"line":33,"column":11},"end":{"line":35,"column":12}},"type":"cond-expr","locations":[{"start":{"line":33,"column":37},"end":{"line":33,"column":39}},{"start":{"line":33,"column":37},"end":{"line":35,"column":12}}]},"5":{"loc":{"start":{"line":33,"column":11},"end":{"line":33,"column":39}},"type":"binary-expr","locations":[{"start":{"line":33,"column":11},"end":{"line":33,"column":39}},{"start":{"line":33,"column":37},"end":{"line":33,"column":39}}]},"6":{"loc":{"start":{"line":39,"column":11},"end":{"line":41,"column":12}},"type":"cond-expr","locations":[{"start":{"line":39,"column":34},"end":{"line":39,"column":36}},{"start":{"line":39,"column":34},"end":{"line":41,"column":12}}]},"7":{"loc":{"start":{"line":39,"column":11},"end":{"line":39,"column":36}},"type":"binary-expr","locations":[{"start":{"line":39,"column":11},"end":{"line":39,"column":36}},{"start":{"line":39,"column":34},"end":{"line":39,"column":36}}]},"8":{"loc":{"start":{"line":53,"column":8},"end":{"line":53,"column":null}},"type":"binary-expr","locations":[{"start":{"line":53,"column":8},"end":{"line":53,"column":13}},{"start":{"line":53,"column":17},"end":{"line":53,"column":null}}]},"9":{"loc":{"start":{"line":64,"column":9},"end":{"line":66,"column":10}},"type":"cond-expr","locations":[{"start":{"line":64,"column":34},"end":{"line":64,"column":36}},{"start":{"line":64,"column":34},"end":{"line":66,"column":10}}]},"10":{"loc":{"start":{"line":64,"column":9},"end":{"line":64,"column":36}},"type":"binary-expr","locations":[{"start":{"line":64,"column":9},"end":{"line":64,"column":36}},{"start":{"line":64,"column":34},"end":{"line":64,"column":36}}]}},"s":{"0":2,"1":4,"2":2,"3":2,"4":2,"5":2,"6":4,"7":4,"8":2},"f":{"0":4,"1":2,"2":2,"3":4,"4":4},"b":{"0":[2,2],"1":[2,2],"2":[0,2],"3":[2,2],"4":[0,2],"5":[2,2],"6":[0,2],"7":[2,2],"8":[2,2],"9":[0,2],"10":[2,2]}}
,"D:\\Training\\React\\react_hook_form\\src\\components\\ItemFilter.tsx": {"path":"D:\\Training\\React\\react_hook_form\\src\\components\\ItemFilter.tsx","statementMap":{"0":{"start":{"line":1,"column":0},"end":{"line":1,"column":51}},"1":{"start":{"line":3,"column":19},"end":{"line":28,"column":1}},"2":{"start":{"line":12,"column":42},"end":{"line":12,"column":59}},"3":{"start":{"line":14,"column":2},"end":{"line":27,"column":4}},"4":{"start":{"line":17,"column":8},"end":{"line":20,"column":11}},"5":{"start":{"line":21,"column":8},"end":{"line":21,"column":39}},"6":{"start":{"line":30,"column":0},"end":{"line":30,"column":26}}},"fnMap":{"0":{"name":"(anonymous_0)","decl":{"start":{"line":3,"column":19},"end":{"line":3,"column":20}},"loc":{"start":{"line":11,"column":5},"end":{"line":28,"column":1}}},"1":{"name":"(anonymous_1)","decl":{"start":{"line":16,"column":15},"end":{"line":16,"column":18}},"loc":{"start":{"line":16,"column":20},"end":{"line":22,"column":7}}}},"branchMap":{"0":{"loc":{"start":{"line":19,"column":18},"end":{"line":19,"column":50}},"type":"binary-expr","locations":[{"start":{"line":19,"column":18},"end":{"line":19,"column":44}},{"start":{"line":19,"column":48},"end":{"line":19,"column":50}}]}},"s":{"0":2,"1":2,"2":54,"3":54,"4":1,"5":1,"6":2},"f":{"0":54,"1":1},"b":{"0":[1,1]}}
,"D:\\Training\\React\\react_hook_form\\src\\components\\Pagination.tsx": {"path":"D:\\Training\\React\\react_hook_form\\src\\components\\Pagination.tsx","statementMap":{"0":{"start":{"line":1,"column":0},"end":{"line":1,"column":51}},"1":{"start":{"line":2,"column":0},"end":{"line":2,"column":null}},"2":{"start":{"line":6,"column":0},"end":{"line":6,"column":53}},"3":{"start":{"line":7,"column":19},"end":{"line":60,"column":1}},"4":{"start":{"line":8,"column":42},"end":{"line":8,"column":59}},"5":{"start":{"line":10,"column":19},"end":{"line":10,"column":59}},"6":{"start":{"line":12,"column":15},"end":{"line":12,"column":78}},"7":{"start":{"line":14,"column":24},"end":{"line":17,"column":3}},"8":{"start":{"line":15,"column":4},"end":{"line":15,"column":46}},"9":{"start":{"line":16,"column":4},"end":{"line":16,"column":34}},"10":{"start":{"line":19,"column":2},"end":{"line":59,"column":4}},"11":{"start":{"line":37,"column":27},"end":{"line":37,"column":50}},"12":{"start":{"line":51,"column":27},"end":{"line":51,"column":50}},"13":{"start":{"line":62,"column":0},"end":{"line":62,"column":26}}},"fnMap":{"0":{"name":"(anonymous_0)","decl":{"start":{"line":7,"column":19},"end":{"line":7,"column":20}},"loc":{"start":{"line":7,"column":52},"end":{"line":60,"column":1}}},"1":{"name":"(anonymous_1)","decl":{"start":{"line":14,"column":24},"end":{"line":14,"column":25}},"loc":{"start":{"line":14,"column":41},"end":{"line":17,"column":3}}},"2":{"name":"(anonymous_2)","decl":{"start":{"line":37,"column":21},"end":{"line":37,"column":24}},"loc":{"start":{"line":37,"column":27},"end":{"line":37,"column":50}}},"3":{"name":"(anonymous_3)","decl":{"start":{"line":51,"column":21},"end":{"line":51,"column":24}},"loc":{"start":{"line":51,"column":27},"end":{"line":51,"column":50}}}},"branchMap":{"0":{"loc":{"start":{"line":12,"column":15},"end":{"line":12,"column":78}},"type":"cond-expr","locations":[{"start":{"line":12,"column":42},"end":{"line":12,"column":74}},{"start":{"line":12,"column":77},"end":{"line":12,"column":78}}]},"1":{"loc":{"start":{"line":30,"column":11},"end":{"line":30,"column":67}},"type":"cond-expr","locations":[{"start":{"line":30,"column":31},"end":{"line":30,"column":36}},{"start":{"line":30,"column":39},"end":{"line":30,"column":67}}]},"2":{"loc":{"start":{"line":35,"column":9},"end":{"line":41,"column":null}},"type":"binary-expr","locations":[{"start":{"line":35,"column":9},"end":{"line":35,"column":17}},{"start":{"line":36,"column":10},"end":{"line":40,"column":null}}]},"3":{"loc":{"start":{"line":49,"column":9},"end":{"line":55,"column":null}},"type":"binary-expr","locations":[{"start":{"line":49,"column":9},"end":{"line":49,"column":24}},{"start":{"line":50,"column":10},"end":{"line":54,"column":null}}]}},"s":{"0":2,"1":2,"2":2,"3":2,"4":4,"5":4,"6":4,"7":4,"8":1,"9":1,"10":4,"11":0,"12":1,"13":2},"f":{"0":4,"1":1,"2":0,"3":1},"b":{"0":[1,3],"1":[2,2],"2":[4,1],"3":[4,2]}}
,"D:\\Training\\React\\react_hook_form\\src\\components\\Search.tsx": {"path":"D:\\Training\\React\\react_hook_form\\src\\components\\Search.tsx","statementMap":{"0":{"start":{"line":1,"column":0},"end":{"line":1,"column":38}},"1":{"start":{"line":3,"column":16},"end":{"line":10,"column":2}},"2":{"start":{"line":12,"column":15},"end":{"line":38,"column":1}},"3":{"start":{"line":19,"column":2},"end":{"line":37,"column":4}},"4":{"start":{"line":24,"column":10},"end":{"line":25,"column":null}},"5":{"start":{"line":40,"column":0},"end":{"line":40,"column":22}}},"fnMap":{"0":{"name":"(anonymous_1)","decl":{"start":{"line":12,"column":15},"end":{"line":12,"column":16}},"loc":{"start":{"line":18,"column":5},"end":{"line":38,"column":1}}},"1":{"name":"(anonymous_2)","decl":{"start":{"line":23,"column":21},"end":{"line":23,"column":22}},"loc":{"start":{"line":24,"column":10},"end":{"line":25,"column":null}}}},"branchMap":{"0":{"loc":{"start":{"line":27,"column":14},"end":{"line":29,"column":32}},"type":"cond-expr","locations":[{"start":{"line":28,"column":18},"end":{"line":28,"column":49}},{"start":{"line":29,"column":18},"end":{"line":29,"column":32}}]}},"s":{"0":2,"1":2,"2":2,"3":9,"4":54,"5":2},"f":{"0":9,"1":54},"b":{"0":[9,45]}}
,"D:\\Training\\React\\react_hook_form\\src\\constants\\index.ts": {"path":"D:\\Training\\React\\react_hook_form\\src\\constants\\index.ts","statementMap":{"0":{"start":{"line":1,"column":13},"end":{"line":1,"column":40}}},"fnMap":{},"branchMap":{},"s":{"0":4},"f":{},"b":{}}
,"D:\\Training\\React\\react_hook_form\\src\\fetchApi\\getDataInfiniteLoad.ts": {"path":"D:\\Training\\React\\react_hook_form\\src\\fetchApi\\getDataInfiniteLoad.ts","statementMap":{"0":{"start":{"line":1,"column":0},"end":{"line":1,"column":26}},"1":{"start":{"line":2,"column":0},"end":{"line":2,"column":53}},"2":{"start":{"line":4,"column":35},"end":{"line":15,"column":2}},"3":{"start":{"line":4,"column":76},"end":{"line":15,"column":2}},"4":{"start":{"line":5,"column":14},"end":{"line":8,"column":null}},"5":{"start":{"line":10,"column":2},"end":{"line":14,"column":4}},"6":{"start":{"line":4,"column":13},"end":{"line":4,"column":35}}},"fnMap":{"0":{"name":"(anonymous_8)","decl":{"start":{"line":4,"column":35},"end":{"line":4,"column":42}},"loc":{"start":{"line":4,"column":76},"end":{"line":15,"column":2}}},"1":{"name":"(anonymous_9)","decl":{"start":{"line":4,"column":76},"end":{"line":4,"column":null}},"loc":{"start":{"line":4,"column":72},"end":{"line":15,"column":1}}}},"branchMap":{"0":{"loc":{"start":{"line":4,"column":44},"end":{"line":4,"column":57}},"type":"default-arg","locations":[{"start":{"line":4,"column":56},"end":{"line":4,"column":57}}]},"1":{"loc":{"start":{"line":4,"column":59},"end":{"line":4,"column":70}},"type":"default-arg","locations":[{"start":{"line":4,"column":67},"end":{"line":4,"column":70}}]}},"s":{"0":3,"1":3,"2":3,"3":14,"4":14,"5":7,"6":3},"f":{"0":14,"1":14},"b":{"0":[14],"1":[0]}}
,"D:\\Training\\React\\react_hook_form\\src\\fetchApi\\getDataWithPagination.ts": {"path":"D:\\Training\\React\\react_hook_form\\src\\fetchApi\\getDataWithPagination.ts","statementMap":{"0":{"start":{"line":1,"column":0},"end":{"line":1,"column":26}},"1":{"start":{"line":2,"column":0},"end":{"line":2,"column":53}},"2":{"start":{"line":4,"column":37},"end":{"line":43,"column":2}},"3":{"start":{"line":14,"column":5},"end":{"line":43,"column":2}},"4":{"start":{"line":15,"column":12},"end":{"line":15,"column":50}},"5":{"start":{"line":16,"column":17},"end":{"line":16,"column":51}},"6":{"start":{"line":18,"column":2},"end":{"line":26,"column":3}},"7":{"start":{"line":19,"column":4},"end":{"line":19,"column":113}},"8":{"start":{"line":21,"column":4},"end":{"line":25,"column":5}},"9":{"start":{"line":22,"column":6},"end":{"line":22,"column":79}},"10":{"start":{"line":23,"column":11},"end":{"line":25,"column":5}},"11":{"start":{"line":24,"column":6},"end":{"line":24,"column":80}},"12":{"start":{"line":28,"column":2},"end":{"line":42,"column":3}},"13":{"start":{"line":29,"column":16},"end":{"line":29,"column":36}},"14":{"start":{"line":31,"column":31},"end":{"line":31,"column":39}},"15":{"start":{"line":33,"column":4},"end":{"line":33,"column":30}},"16":{"start":{"line":35,"column":4},"end":{"line":40,"column":5}},"17":{"start":{"line":36,"column":6},"end":{"line":36,"column":52}},"18":{"start":{"line":37,"column":6},"end":{"line":37,"column":37}},"19":{"start":{"line":39,"column":6},"end":{"line":39,"column":47}},"20":{"start":{"line":41,"column":4},"end":{"line":41,"column":14}},"21":{"start":{"line":4,"column":13},"end":{"line":4,"column":37}}},"fnMap":{"0":{"name":"(anonymous_8)","decl":{"start":{"line":4,"column":37},"end":{"line":4,"column":44}},"loc":{"start":{"line":14,"column":5},"end":{"line":43,"column":2}}},"1":{"name":"(anonymous_9)","decl":{"start":{"line":14,"column":5},"end":{"line":14,"column":null}},"loc":{"start":{"line":14,"column":1},"end":{"line":43,"column":1}}}},"branchMap":{"0":{"loc":{"start":{"line":18,"column":2},"end":{"line":26,"column":3}},"type":"if","locations":[{"start":{"line":18,"column":2},"end":{"line":26,"column":3}},{"start":{"line":20,"column":9},"end":{"line":26,"column":3}}]},"1":{"loc":{"start":{"line":18,"column":6},"end":{"line":18,"column":41}},"type":"binary-expr","locations":[{"start":{"line":18,"column":6},"end":{"line":18,"column":22}},{"start":{"line":18,"column":26},"end":{"line":18,"column":41}}]},"2":{"loc":{"start":{"line":21,"column":4},"end":{"line":25,"column":5}},"type":"if","locations":[{"start":{"line":21,"column":4},"end":{"line":25,"column":5}},{"start":{"line":23,"column":11},"end":{"line":25,"column":5}}]},"3":{"loc":{"start":{"line":23,"column":11},"end":{"line":25,"column":5}},"type":"if","locations":[{"start":{"line":23,"column":11},"end":{"line":25,"column":5}},{"start":{},"end":{}}]},"4":{"loc":{"start":{"line":35,"column":4},"end":{"line":40,"column":5}},"type":"if","locations":[{"start":{"line":35,"column":4},"end":{"line":40,"column":5}},{"start":{"line":38,"column":11},"end":{"line":40,"column":5}}]}},"s":{"0":3,"1":3,"2":3,"3":8,"4":8,"5":8,"6":8,"7":1,"8":7,"9":5,"10":2,"11":2,"12":8,"13":8,"14":4,"15":4,"16":1,"17":0,"18":0,"19":1,"20":1,"21":3},"f":{"0":8,"1":8},"b":{"0":[1,7],"1":[8,2],"2":[5,2],"3":[2,0],"4":[0,1]}}
,"D:\\Training\\React\\react_hook_form\\src\\fetures\\useGetDataWithPagination.ts": {"path":"D:\\Training\\React\\react_hook_form\\src\\fetures\\useGetDataWithPagination.ts","statementMap":{"0":{"start":{"line":1,"column":0},"end":{"line":1,"column":49}},"1":{"start":{"line":2,"column":0},"end":{"line":2,"column":51}},"2":{"start":{"line":3,"column":0},"end":{"line":3,"column":74}},"3":{"start":{"line":5,"column":40},"end":{"line":35,"column":1}},"4":{"start":{"line":6,"column":25},"end":{"line":6,"column":42}},"5":{"start":{"line":8,"column":17},"end":{"line":8,"column":54}},"6":{"start":{"line":9,"column":17},"end":{"line":9,"column":54}},"7":{"start":{"line":13,"column":55},"end":{"line":16,"column":4}},"8":{"start":{"line":18,"column":2},"end":{"line":23,"column":5}},"9":{"start":{"line":19,"column":25},"end":{"line":19,"column":40}},"10":{"start":{"line":20,"column":4},"end":{"line":22,"column":5}},"11":{"start":{"line":21,"column":6},"end":{"line":21,"column":29}},"12":{"start":{"line":27,"column":15},"end":{"line":27,"column":54}},"13":{"start":{"line":29,"column":39},"end":{"line":32,"column":4}},"14":{"start":{"line":30,"column":19},"end":{"line":30,"column":76}},"15":{"start":{"line":34,"column":2},"end":{"line":34,"column":38}},"16":{"start":{"line":5,"column":13},"end":{"line":5,"column":40}}},"fnMap":{"0":{"name":"(anonymous_0)","decl":{"start":{"line":5,"column":40},"end":{"line":5,"column":43}},"loc":{"start":{"line":5,"column":45},"end":{"line":35,"column":1}}},"1":{"name":"(anonymous_1)","decl":{"start":{"line":18,"column":28},"end":{"line":18,"column":29}},"loc":{"start":{"line":18,"column":37},"end":{"line":23,"column":3}}},"2":{"name":"(anonymous_2)","decl":{"start":{"line":30,"column":13},"end":{"line":30,"column":16}},"loc":{"start":{"line":30,"column":19},"end":{"line":30,"column":76}}}},"branchMap":{"0":{"loc":{"start":{"line":8,"column":17},"end":{"line":8,"column":54}},"type":"binary-expr","locations":[{"start":{"line":8,"column":17},"end":{"line":8,"column":43}},{"start":{"line":8,"column":47},"end":{"line":8,"column":54}}]},"1":{"loc":{"start":{"line":9,"column":17},"end":{"line":9,"column":54}},"type":"binary-expr","locations":[{"start":{"line":9,"column":17},"end":{"line":9,"column":43}},{"start":{"line":9,"column":47},"end":{"line":9,"column":54}}]},"2":{"loc":{"start":{"line":20,"column":4},"end":{"line":22,"column":5}},"type":"if","locations":[{"start":{"line":20,"column":4},"end":{"line":22,"column":5}},{"start":{},"end":{}}]},"3":{"loc":{"start":{"line":20,"column":8},"end":{"line":20,"column":43}},"type":"binary-expr","locations":[{"start":{"line":20,"column":8},"end":{"line":20,"column":23}},{"start":{"line":20,"column":27},"end":{"line":20,"column":43}}]},"4":{"loc":{"start":{"line":27,"column":22},"end":{"line":27,"column":53}},"type":"binary-expr","locations":[{"start":{"line":27,"column":22},"end":{"line":27,"column":46}},{"start":{"line":27,"column":50},"end":{"line":27,"column":53}}]}},"s":{"0":2,"1":2,"2":2,"3":2,"4":8,"5":8,"6":8,"7":8,"8":8,"9":8,"10":8,"11":0,"12":8,"13":8,"14":3,"15":8,"16":2},"f":{"0":8,"1":8,"2":3},"b":{"0":[8,7],"1":[8,8],"2":[0,8],"3":[8,8],"4":[8,8]}}
,"D:\\Training\\React\\react_hook_form\\src\\fetures\\useGetInfiniteLoad.ts": {"path":"D:\\Training\\React\\react_hook_form\\src\\fetures\\useGetInfiniteLoad.ts","statementMap":{"0":{"start":{"line":1,"column":0},"end":{"line":1,"column":57}},"1":{"start":{"line":2,"column":0},"end":{"line":2,"column":70}},"2":{"start":{"line":4,"column":34},"end":{"line":17,"column":1}},"3":{"start":{"line":6,"column":4},"end":{"line":12,"column":6}},"4":{"start":{"line":8,"column":21},"end":{"line":8,"column":51}},"5":{"start":{"line":10,"column":8},"end":{"line":10,"column":58}},"6":{"start":{"line":16,"column":2},"end":{"line":16,"column":81}},"7":{"start":{"line":4,"column":13},"end":{"line":4,"column":34}}},"fnMap":{"0":{"name":"(anonymous_0)","decl":{"start":{"line":4,"column":34},"end":{"line":4,"column":35}},"loc":{"start":{"line":4,"column":54},"end":{"line":17,"column":1}}},"1":{"name":"(anonymous_1)","decl":{"start":{"line":8,"column":15},"end":{"line":8,"column":18}},"loc":{"start":{"line":8,"column":21},"end":{"line":8,"column":51}}},"2":{"name":"(anonymous_2)","decl":{"start":{"line":9,"column":24},"end":{"line":9,"column":25}},"loc":{"start":{"line":10,"column":8},"end":{"line":10,"column":58}}}},"branchMap":{"0":{"loc":{"start":{"line":4,"column":37},"end":{"line":4,"column":48}},"type":"default-arg","locations":[{"start":{"line":4,"column":45},"end":{"line":4,"column":48}}]},"1":{"loc":{"start":{"line":10,"column":8},"end":{"line":10,"column":58}},"type":"cond-expr","locations":[{"start":{"line":10,"column":27},"end":{"line":10,"column":46}},{"start":{"line":10,"column":49},"end":{"line":10,"column":58}}]}},"s":{"0":3,"1":3,"2":3,"3":25,"4":14,"5":3,"6":25,"7":3},"f":{"0":25,"1":14,"2":3},"b":{"0":[0],"1":[0,3]}}
,"D:\\Training\\React\\react_hook_form\\src\\store\\store.ts": {"path":"D:\\Training\\React\\react_hook_form\\src\\store\\store.ts","statementMap":{"0":{"start":{"line":1,"column":0},"end":{"line":1,"column":36}},"1":{"start":{"line":7,"column":29},"end":{"line":9,"column":2}},"2":{"start":{"line":11,"column":30},"end":{"line":14,"column":2}},"3":{"start":{"line":11,"column":49},"end":{"line":14,"column":2}},"4":{"start":{"line":11,"column":13},"end":{"line":11,"column":30}},"5":{"start":{"line":16,"column":16},"end":{"line":27,"column":1}},"6":{"start":{"line":20,"column":2},"end":{"line":26,"column":3}},"7":{"start":{"line":22,"column":6},"end":{"line":22,"column":47}},"8":{"start":{"line":25,"column":6},"end":{"line":25,"column":19}},"9":{"start":{"line":29,"column":13},"end":{"line":29,"column":42}}},"fnMap":{"0":{"name":"(anonymous_0)","decl":{"start":{"line":11,"column":30},"end":{"line":11,"column":31}},"loc":{"start":{"line":11,"column":49},"end":{"line":14,"column":2}}},"1":{"name":"(anonymous_1)","decl":{"start":{"line":16,"column":16},"end":{"line":16,"column":null}},"loc":{"start":{"line":19,"column":4},"end":{"line":27,"column":1}}}},"branchMap":{"0":{"loc":{"start":{"line":17,"column":2},"end":{"line":17,"column":30}},"type":"default-arg","locations":[{"start":{"line":17,"column":18},"end":{"line":17,"column":30}}]},"1":{"loc":{"start":{"line":20,"column":2},"end":{"line":26,"column":3}},"type":"switch","locations":[{"start":{"line":21,"column":4},"end":{"line":22,"column":47}},{"start":{"line":24,"column":4},"end":{"line":25,"column":19}}]}},"s":{"0":2,"1":2,"2":2,"3":4,"4":2,"5":2,"6":6,"7":4,"8":2,"9":2},"f":{"0":4,"1":6},"b":{"0":[2],"1":[4,2]}}
}
