{"D:\\Training\\React\\module_review_2\\src\\App.tsx": {"path":"D:\\Training\\React\\module_review_2\\src\\App.tsx","statementMap":{"0":{"start":{"line":1,"column":0},"end":{"line":1,"column":44}},"1":{"start":{"line":2,"column":0},"end":{"line":2,"column":45}},"2":{"start":{"line":3,"column":0},"end":{"line":3,"column":47}},"3":{"start":{"line":4,"column":0},"end":{"line":4,"column":45}},"4":{"start":{"line":5,"column":0},"end":{"line":5,"column":42}},"5":{"start":{"line":6,"column":0},"end":{"line":6,"column":51}},"6":{"start":{"line":7,"column":0},"end":{"line":7,"column":81}},"7":{"start":{"line":8,"column":0},"end":{"line":8,"column":69}},"8":{"start":{"line":9,"column":0},"end":{"line":9,"column":53}},"9":{"start":{"line":10,"column":0},"end":{"line":10,"column":62}},"10":{"start":{"line":11,"column":0},"end":{"line":11,"column":63}},"11":{"start":{"line":12,"column":0},"end":{"line":12,"column":55}},"12":{"start":{"line":13,"column":12},"end":{"line":147,"column":1}},"13":{"start":{"line":14,"column":42},"end":{"line":14,"column":59}},"14":{"start":{"line":16,"column":36},"end":{"line":16,"column":53}},"15":{"start":{"line":18,"column":20},"end":{"line":18,"column":64}},"16":{"start":{"line":18,"column":51},"end":{"line":18,"column":63}},"17":{"start":{"line":19,"column":34},"end":{"line":20,"column":null}},"18":{"start":{"line":23,"column":19},"end":{"line":23,"column":32}},"19":{"start":{"line":30,"column":6},"end":{"line":30,"column":23}},"20":{"start":{"line":32,"column":21},"end":{"line":32,"column":28}},"21":{"start":{"line":34,"column":39},"end":{"line":34,"column":65}},"22":{"start":{"line":36,"column":42},"end":{"line":43,"column":3}},"23":{"start":{"line":37,"column":4},"end":{"line":42,"column":7}},"24":{"start":{"line":44,"column":31},"end":{"line":50,"column":3}},"25":{"start":{"line":45,"column":4},"end":{"line":45,"column":32}},"26":{"start":{"line":46,"column":4},"end":{"line":49,"column":7}},"27":{"start":{"line":47,"column":6},"end":{"line":47,"column":47}},"28":{"start":{"line":48,"column":6},"end":{"line":48,"column":26}},"29":{"start":{"line":53,"column":2},"end":{"line":55,"column":25}},"30":{"start":{"line":54,"column":4},"end":{"line":54,"column":41}},"31":{"start":{"line":57,"column":2},"end":{"line":146,"column":4}},"32":{"start":{"line":131,"column":12},"end":{"line":131,"column":30}},"33":{"start":{"line":149,"column":0},"end":{"line":149,"column":19}}},"fnMap":{"0":{"name":"(anonymous_1)","decl":{"start":{"line":13,"column":12},"end":{"line":13,"column":15}},"loc":{"start":{"line":13,"column":17},"end":{"line":147,"column":1}}},"1":{"name":"(anonymous_2)","decl":{"start":{"line":18,"column":32},"end":{"line":18,"column":33}},"loc":{"start":{"line":18,"column":51},"end":{"line":18,"column":63}}},"2":{"name":"(anonymous_3)","decl":{"start":{"line":36,"column":42},"end":{"line":36,"column":45}},"loc":{"start":{"line":36,"column":47},"end":{"line":43,"column":3}}},"3":{"name":"(anonymous_4)","decl":{"start":{"line":44,"column":31},"end":{"line":44,"column":32}},"loc":{"start":{"line":44,"column":74},"end":{"line":50,"column":3}}},"4":{"name":"(anonymous_5)","decl":{"start":{"line":46,"column":20},"end":{"line":46,"column":21}},"loc":{"start":{"line":46,"column":37},"end":{"line":49,"column":5}}},"5":{"name":"(anonymous_6)","decl":{"start":{"line":53,"column":12},"end":{"line":53,"column":15}},"loc":{"start":{"line":53,"column":17},"end":{"line":55,"column":3}}},"6":{"name":"(anonymous_7)","decl":{"start":{"line":130,"column":24},"end":{"line":130,"column":25}},"loc":{"start":{"line":131,"column":12},"end":{"line":131,"column":30}}}},"branchMap":{"0":{"loc":{"start":{"line":20,"column":4},"end":{"line":20,"column":44}},"type":"binary-expr","locations":[{"start":{"line":20,"column":4},"end":{"line":20,"column":28}},{"start":{"line":20,"column":32},"end":{"line":20,"column":44}}]},"1":{"loc":{"start":{"line":87,"column":15},"end":{"line":90,"column":null}},"type":"binary-expr","locations":[{"start":{"line":87,"column":15},"end":{"line":87,"column":28}},{"start":{"line":88,"column":16},"end":{"line":89,"column":null}}]},"2":{"loc":{"start":{"line":93,"column":13},"end":{"line":115,"column":null}},"type":"binary-expr","locations":[{"start":{"line":93,"column":13},"end":{"line":93,"column":34}},{"start":{"line":94,"column":14},"end":{"line":114,"column":null}}]},"3":{"loc":{"start":{"line":121,"column":9},"end":{"line":125,"column":null}},"type":"binary-expr","locations":[{"start":{"line":121,"column":9},"end":{"line":121,"column":19}},{"start":{"line":122,"column":10},"end":{"line":122,"column":18}},{"start":{"line":123,"column":10},"end":{"line":123,"column":30}},{"start":{"line":124,"column":10},"end":{"line":124,"column":28}},{"start":{"line":125,"column":12},"end":{"line":125,"column":72}}]},"4":{"loc":{"start":{"line":124,"column":10},"end":{"line":124,"column":24}},"type":"cond-expr","locations":[{"start":{"line":124,"column":14},"end":{"line":124,"column":16}},{"start":{"line":124,"column":10},"end":{"line":124,"column":24}}]},"5":{"loc":{"start":{"line":124,"column":10},"end":{"line":124,"column":16}},"type":"binary-expr","locations":[{"start":{"line":124,"column":10},"end":{"line":124,"column":16}},{"start":{"line":124,"column":10},"end":{"line":124,"column":16}}]},"6":{"loc":{"start":{"line":125,"column":52},"end":{"line":125,"column":66}},"type":"cond-expr","locations":[{"start":{"line":125,"column":56},"end":{"line":125,"column":58}},{"start":{"line":125,"column":52},"end":{"line":125,"column":66}}]},"7":{"loc":{"start":{"line":125,"column":52},"end":{"line":125,"column":58}},"type":"binary-expr","locations":[{"start":{"line":125,"column":52},"end":{"line":125,"column":58}},{"start":{"line":125,"column":52},"end":{"line":125,"column":58}}]},"8":{"loc":{"start":{"line":127,"column":9},"end":{"line":134,"column":null}},"type":"cond-expr","locations":[{"start":{"line":128,"column":10},"end":{"line":128,"column":64}},{"start":{"line":129,"column":12},"end":{"line":134,"column":null}}]},"9":{"loc":{"start":{"line":129,"column":12},"end":{"line":134,"column":null}},"type":"cond-expr","locations":[{"start":{"line":130,"column":10},"end":{"line":132,"column":12}},{"start":{"line":134,"column":10},"end":{"line":134,"column":58}}]},"10":{"loc":{"start":{"line":129,"column":12},"end":{"line":129,"column":72}},"type":"binary-expr","locations":[{"start":{"line":129,"column":12},"end":{"line":129,"column":16}},{"start":{"line":129,"column":20},"end":{"line":129,"column":40}},{"start":{"line":129,"column":44},"end":{"line":129,"column":53}},{"start":{"line":129,"column":57},"end":{"line":129,"column":71}}]},"11":{"loc":{"start":{"line":129,"column":57},"end":{"line":129,"column":71}},"type":"cond-expr","locations":[{"start":{"line":129,"column":61},"end":{"line":129,"column":63}},{"start":{"line":129,"column":57},"end":{"line":129,"column":71}}]},"12":{"loc":{"start":{"line":129,"column":57},"end":{"line":129,"column":63}},"type":"binary-expr","locations":[{"start":{"line":129,"column":57},"end":{"line":129,"column":63}},{"start":{"line":129,"column":57},"end":{"line":129,"column":63}}]},"13":{"loc":{"start":{"line":138,"column":9},"end":{"line":142,"column":null}},"type":"binary-expr","locations":[{"start":{"line":138,"column":9},"end":{"line":138,"column":19}},{"start":{"line":139,"column":10},"end":{"line":139,"column":18}},{"start":{"line":140,"column":10},"end":{"line":140,"column":30}},{"start":{"line":141,"column":10},"end":{"line":141,"column":40}},{"start":{"line":142,"column":12},"end":{"line":142,"column":49}}]},"14":{"loc":{"start":{"line":141,"column":11},"end":{"line":141,"column":36}},"type":"cond-expr","locations":[{"start":{"line":141,"column":15},"end":{"line":141,"column":17}},{"start":{"line":141,"column":11},"end":{"line":141,"column":36}}]},"15":{"loc":{"start":{"line":141,"column":11},"end":{"line":141,"column":17}},"type":"binary-expr","locations":[{"start":{"line":141,"column":11},"end":{"line":141,"column":17}},{"start":{"line":141,"column":11},"end":{"line":141,"column":17}}]},"16":{"loc":{"start":{"line":142,"column":31},"end":{"line":142,"column":45}},"type":"cond-expr","locations":[{"start":{"line":142,"column":35},"end":{"line":142,"column":37}},{"start":{"line":142,"column":31},"end":{"line":142,"column":45}}]},"17":{"loc":{"start":{"line":142,"column":31},"end":{"line":142,"column":37}},"type":"binary-expr","locations":[{"start":{"line":142,"column":31},"end":{"line":142,"column":37}},{"start":{"line":142,"column":31},"end":{"line":142,"column":37}}]}},"s":{"0":2,"1":2,"2":2,"3":2,"4":2,"5":2,"6":2,"7":2,"8":2,"9":2,"10":2,"11":2,"12":2,"13":8,"14":8,"15":8,"16":14,"17":8,"18":8,"19":8,"20":8,"21":8,"22":8,"23":0,"24":8,"25":0,"26":0,"27":0,"28":0,"29":8,"30":4,"31":8,"32":0,"33":2},"f":{"0":8,"1":14,"2":0,"3":0,"4":0,"5":4,"6":0},"b":{"0":[8,8],"1":[8,0],"2":[8,6],"3":[8,0,0,0,0],"4":[0,0],"5":[0,0],"6":[0,0],"7":[0,0],"8":[8,0],"9":[0,0],"10":[0,0,0,0],"11":[0,0],"12":[0,0],"13":[8,0,0,0,0],"14":[0,0],"15":[0,0],"16":[0,0],"17":[0,0]}}
,"D:\\Training\\React\\module_review_2\\src\\components\\Header.tsx": {"path":"D:\\Training\\React\\module_review_2\\src\\components\\Header.tsx","statementMap":{"0":{"start":{"line":3,"column":0},"end":{"line":3,"column":59}},"1":{"start":{"line":4,"column":0},"end":{"line":4,"column":42}},"2":{"start":{"line":5,"column":0},"end":{"line":5,"column":48}},"3":{"start":{"line":6,"column":0},"end":{"line":6,"column":49}},"4":{"start":{"line":7,"column":0},"end":{"line":7,"column":67}},"5":{"start":{"line":9,"column":30},"end":{"line":17,"column":2}},"6":{"start":{"line":19,"column":15},"end":{"line":148,"column":1}},"7":{"start":{"line":20,"column":36},"end":{"line":20,"column":59}},"8":{"start":{"line":21,"column":20},"end":{"line":21,"column":55}},"9":{"start":{"line":22,"column":30},"end":{"line":22,"column":50}},"10":{"start":{"line":30,"column":6},"end":{"line":30,"column":43}},"11":{"start":{"line":32,"column":23},"end":{"line":34,"column":3}},"12":{"start":{"line":33,"column":4},"end":{"line":33,"column":37}},"13":{"start":{"line":36,"column":2},"end":{"line":55,"column":55}},"14":{"start":{"line":37,"column":21},"end":{"line":43,"column":null}},"15":{"start":{"line":39,"column":8},"end":{"line":41,"column":9}},"16":{"start":{"line":40,"column":10},"end":{"line":40,"column":26}},"17":{"start":{"line":46,"column":4},"end":{"line":48,"column":5}},"18":{"start":{"line":47,"column":6},"end":{"line":47,"column":42}},"19":{"start":{"line":50,"column":4},"end":{"line":54,"column":6}},"20":{"start":{"line":51,"column":6},"end":{"line":53,"column":7}},"21":{"start":{"line":52,"column":8},"end":{"line":52,"column":46}},"22":{"start":{"line":57,"column":2},"end":{"line":147,"column":4}},"23":{"start":{"line":68,"column":10},"end":{"line":68,"column":24}},"24":{"start":{"line":79,"column":12},"end":{"line":79,"column":37}},"25":{"start":{"line":87,"column":12},"end":{"line":87,"column":38}},"26":{"start":{"line":114,"column":14},"end":{"line":114,"column":null}},"27":{"start":{"line":115,"column":51},"end":{"line":125,"column":18}},"28":{"start":{"line":150,"column":0},"end":{"line":150,"column":22}}},"fnMap":{"0":{"name":"(anonymous_9)","decl":{"start":{"line":19,"column":15},"end":{"line":19,"column":18}},"loc":{"start":{"line":19,"column":20},"end":{"line":148,"column":1}}},"1":{"name":"(anonymous_10)","decl":{"start":{"line":32,"column":23},"end":{"line":32,"column":24}},"loc":{"start":{"line":32,"column":71},"end":{"line":34,"column":3}}},"2":{"name":"(anonymous_11)","decl":{"start":{"line":36,"column":12},"end":{"line":36,"column":15}},"loc":{"start":{"line":36,"column":17},"end":{"line":55,"column":3}}},"3":{"name":"(anonymous_12)","decl":{"start":{"line":38,"column":6},"end":{"line":38,"column":7}},"loc":{"start":{"line":38,"column":18},"end":{"line":42,"column":7}}},"4":{"name":"(anonymous_13)","decl":{"start":{"line":50,"column":11},"end":{"line":50,"column":14}},"loc":{"start":{"line":50,"column":16},"end":{"line":54,"column":5}}},"5":{"name":"(anonymous_14)","decl":{"start":{"line":67,"column":22},"end":{"line":67,"column":25}},"loc":{"start":{"line":67,"column":27},"end":{"line":69,"column":9}}},"6":{"name":"(anonymous_15)","decl":{"start":{"line":78,"column":27},"end":{"line":78,"column":28}},"loc":{"start":{"line":79,"column":12},"end":{"line":79,"column":37}}},"7":{"name":"(anonymous_16)","decl":{"start":{"line":86,"column":20},"end":{"line":86,"column":21}},"loc":{"start":{"line":86,"column":26},"end":{"line":88,"column":11}}},"8":{"name":"(anonymous_17)","decl":{"start":{"line":113,"column":28},"end":{"line":113,"column":29}},"loc":{"start":{"line":114,"column":14},"end":{"line":114,"column":null}}},"9":{"name":"(anonymous_18)","decl":{"start":{"line":115,"column":34},"end":{"line":115,"column":35}},"loc":{"start":{"line":115,"column":50},"end":{"line":125,"column":18}}}},"branchMap":{"0":{"loc":{"start":{"line":39,"column":8},"end":{"line":41,"column":9}},"type":"if","locations":[{"start":{"line":39,"column":8},"end":{"line":41,"column":9}},{"start":{},"end":{}}]},"1":{"loc":{"start":{"line":39,"column":12},"end":{"line":39,"column":75}},"type":"binary-expr","locations":[{"start":{"line":39,"column":12},"end":{"line":39,"column":37}},{"start":{"line":39,"column":41},"end":{"line":39,"column":52}},{"start":{"line":39,"column":56},"end":{"line":39,"column":75}}]},"2":{"loc":{"start":{"line":46,"column":4},"end":{"line":48,"column":5}},"type":"if","locations":[{"start":{"line":46,"column":4},"end":{"line":48,"column":5}},{"start":{},"end":{}}]},"3":{"loc":{"start":{"line":51,"column":6},"end":{"line":53,"column":7}},"type":"if","locations":[{"start":{"line":51,"column":6},"end":{"line":53,"column":7}},{"start":{},"end":{}}]},"4":{"loc":{"start":{"line":95,"column":12},"end":{"line":95,"column":null}},"type":"cond-expr","locations":[{"start":{"line":95,"column":21},"end":{"line":95,"column":28}},{"start":{"line":95,"column":31},"end":{"line":95,"column":null}}]},"5":{"loc":{"start":{"line":98,"column":11},"end":{"line":127,"column":null}},"type":"cond-expr","locations":[{"start":{"line":99,"column":12},"end":{"line":101,"column":null}},{"start":{"line":105,"column":14},"end":{"line":127,"column":null}}]},"6":{"loc":{"start":{"line":105,"column":14},"end":{"line":127,"column":null}},"type":"cond-expr","locations":[{"start":{"line":106,"column":12},"end":{"line":108,"column":null}},{"start":{"line":113,"column":12},"end":{"line":127,"column":14}}]},"7":{"loc":{"start":{"line":105,"column":14},"end":{"line":105,"column":43}},"type":"cond-expr","locations":[{"start":{"line":105,"column":18},"end":{"line":105,"column":20}},{"start":{"line":105,"column":14},"end":{"line":105,"column":43}}]},"8":{"loc":{"start":{"line":105,"column":14},"end":{"line":105,"column":20}},"type":"binary-expr","locations":[{"start":{"line":105,"column":14},"end":{"line":105,"column":20}},{"start":{"line":105,"column":14},"end":{"line":105,"column":20}}]},"9":{"loc":{"start":{"line":113,"column":12},"end":{"line":127,"column":14}},"type":"cond-expr","locations":[{"start":{"line":113,"column":16},"end":{"line":113,"column":18}},{"start":{"line":113,"column":12},"end":{"line":127,"column":14}}]},"10":{"loc":{"start":{"line":113,"column":12},"end":{"line":113,"column":18}},"type":"binary-expr","locations":[{"start":{"line":113,"column":12},"end":{"line":113,"column":18}},{"start":{"line":113,"column":12},"end":{"line":113,"column":18}}]},"11":{"loc":{"start":{"line":122,"column":33},"end":{"line":122,"column":57}},"type":"cond-expr","locations":[{"start":{"line":122,"column":48},"end":{"line":122,"column":52}},{"start":{"line":122,"column":52},"end":{"line":122,"column":57}}]},"12":{"loc":{"start":{"line":122,"column":33},"end":{"line":122,"column":52}},"type":"binary-expr","locations":[{"start":{"line":122,"column":33},"end":{"line":122,"column":52}},{"start":{"line":122,"column":48},"end":{"line":122,"column":52}}]},"13":{"loc":{"start":{"line":129,"column":11},"end":{"line":130,"column":null}},"type":"binary-expr","locations":[{"start":{"line":129,"column":11},"end":{"line":129,"column":29}},{"start":{"line":130,"column":12},"end":{"line":130,"column":64}}]},"14":{"loc":{"start":{"line":132,"column":11},"end":{"line":132,"column":38}},"type":"binary-expr","locations":[{"start":{"line":132,"column":11},"end":{"line":132,"column":16}},{"start":{"line":132,"column":20},"end":{"line":132,"column":38}}]}},"s":{"0":3,"1":3,"2":3,"3":3,"4":3,"5":3,"6":3,"7":25,"8":25,"9":25,"10":25,"11":25,"12":3,"13":25,"14":9,"15":0,"16":0,"17":9,"18":9,"19":9,"20":9,"21":0,"22":25,"23":1,"24":175,"25":5,"26":0,"27":0,"28":3},"f":{"0":25,"1":3,"2":9,"3":0,"4":9,"5":1,"6":175,"7":5,"8":0,"9":0},"b":{"0":[0,0],"1":[0,0,0],"2":[9,0],"3":[0,9],"4":[6,19],"5":[24,1],"6":[1,0],"7":[0,1],"8":[1,1],"9":[0,0],"10":[0,0],"11":[0,0],"12":[0,0],"13":[25,0],"14":[25,0]}}
,"D:\\Training\\React\\module_review_2\\src\\components\\Heading.tsx": {"path":"D:\\Training\\React\\module_review_2\\src\\components\\Heading.tsx","statementMap":{"0":{"start":{"line":1,"column":16},"end":{"line":15,"column":1}},"1":{"start":{"line":2,"column":2},"end":{"line":14,"column":4}},"2":{"start":{"line":17,"column":0},"end":{"line":17,"column":23}}},"fnMap":{"0":{"name":"(anonymous_0)","decl":{"start":{"line":1,"column":16},"end":{"line":1,"column":19}},"loc":{"start":{"line":1,"column":21},"end":{"line":15,"column":1}}}},"branchMap":{},"s":{"0":2,"1":8,"2":2},"f":{"0":8},"b":{}}
,"D:\\Training\\React\\module_review_2\\src\\components\\Item.tsx": {"path":"D:\\Training\\React\\module_review_2\\src\\components\\Item.tsx","statementMap":{"0":{"start":{"line":21,"column":13},"end":{"line":72,"column":1}},"1":{"start":{"line":22,"column":2},"end":{"line":47,"column":3}},"2":{"start":{"line":23,"column":4},"end":{"line":46,"column":6}},"3":{"start":{"line":34,"column":12},"end":{"line":34,"column":30}},"4":{"start":{"line":40,"column":12},"end":{"line":40,"column":30}},"5":{"start":{"line":49,"column":2},"end":{"line":71,"column":4}},"6":{"start":{"line":59,"column":10},"end":{"line":59,"column":28}},"7":{"start":{"line":65,"column":10},"end":{"line":65,"column":28}},"8":{"start":{"line":74,"column":0},"end":{"line":74,"column":20}}},"fnMap":{"0":{"name":"(anonymous_0)","decl":{"start":{"line":21,"column":13},"end":{"line":21,"column":14}},"loc":{"start":{"line":21,"column":72},"end":{"line":72,"column":1}}},"1":{"name":"(anonymous_1)","decl":{"start":{"line":33,"column":43},"end":{"line":33,"column":44}},"loc":{"start":{"line":34,"column":12},"end":{"line":34,"column":30}}},"2":{"name":"(anonymous_2)","decl":{"start":{"line":39,"column":40},"end":{"line":39,"column":41}},"loc":{"start":{"line":40,"column":12},"end":{"line":40,"column":30}}},"3":{"name":"(anonymous_3)","decl":{"start":{"line":58,"column":42},"end":{"line":58,"column":43}},"loc":{"start":{"line":59,"column":10},"end":{"line":59,"column":28}}},"4":{"name":"(anonymous_4)","decl":{"start":{"line":64,"column":40},"end":{"line":64,"column":41}},"loc":{"start":{"line":65,"column":10},"end":{"line":65,"column":28}}}},"branchMap":{"0":{"loc":{"start":{"line":22,"column":2},"end":{"line":47,"column":3}},"type":"if","locations":[{"start":{"line":22,"column":2},"end":{"line":47,"column":3}},{"start":{},"end":{}}]},"1":{"loc":{"start":{"line":27,"column":10},"end":{"line":27,"column":null}},"type":"binary-expr","locations":[{"start":{"line":27,"column":10},"end":{"line":27,"column":14}},{"start":{"line":27,"column":18},"end":{"line":27,"column":null}}]},"2":{"loc":{"start":{"line":30,"column":23},"end":{"line":30,"column":43}},"type":"cond-expr","locations":[{"start":{"line":30,"column":27},"end":{"line":30,"column":36}},{"start":{"line":30,"column":23},"end":{"line":30,"column":43}}]},"3":{"loc":{"start":{"line":30,"column":23},"end":{"line":30,"column":36}},"type":"binary-expr","locations":[{"start":{"line":30,"column":23},"end":{"line":30,"column":38}},{"start":{"line":30,"column":23},"end":{"line":30,"column":36}}]},"4":{"loc":{"start":{"line":33,"column":11},"end":{"line":35,"column":12}},"type":"cond-expr","locations":[{"start":{"line":33,"column":37},"end":{"line":33,"column":39}},{"start":{"line":33,"column":37},"end":{"line":35,"column":12}}]},"5":{"loc":{"start":{"line":33,"column":11},"end":{"line":33,"column":39}},"type":"binary-expr","locations":[{"start":{"line":33,"column":11},"end":{"line":33,"column":39}},{"start":{"line":33,"column":37},"end":{"line":33,"column":39}}]},"6":{"loc":{"start":{"line":39,"column":11},"end":{"line":41,"column":12}},"type":"cond-expr","locations":[{"start":{"line":39,"column":34},"end":{"line":39,"column":36}},{"start":{"line":39,"column":34},"end":{"line":41,"column":12}}]},"7":{"loc":{"start":{"line":39,"column":11},"end":{"line":39,"column":36}},"type":"binary-expr","locations":[{"start":{"line":39,"column":11},"end":{"line":39,"column":36}},{"start":{"line":39,"column":34},"end":{"line":39,"column":36}}]},"8":{"loc":{"start":{"line":53,"column":8},"end":{"line":53,"column":null}},"type":"binary-expr","locations":[{"start":{"line":53,"column":8},"end":{"line":53,"column":13}},{"start":{"line":53,"column":17},"end":{"line":53,"column":null}}]},"9":{"loc":{"start":{"line":64,"column":9},"end":{"line":66,"column":10}},"type":"cond-expr","locations":[{"start":{"line":64,"column":34},"end":{"line":64,"column":36}},{"start":{"line":64,"column":34},"end":{"line":66,"column":10}}]},"10":{"loc":{"start":{"line":64,"column":9},"end":{"line":64,"column":36}},"type":"binary-expr","locations":[{"start":{"line":64,"column":9},"end":{"line":64,"column":36}},{"start":{"line":64,"column":34},"end":{"line":64,"column":36}}]}},"s":{"0":2,"1":4,"2":2,"3":2,"4":2,"5":2,"6":4,"7":4,"8":2},"f":{"0":4,"1":2,"2":2,"3":4,"4":4},"b":{"0":[2,2],"1":[2,2],"2":[0,2],"3":[2,2],"4":[0,2],"5":[2,2],"6":[0,2],"7":[2,2],"8":[2,2],"9":[0,2],"10":[2,2]}}
,"D:\\Training\\React\\module_review_2\\src\\components\\ItemFilter.tsx": {"path":"D:\\Training\\React\\module_review_2\\src\\components\\ItemFilter.tsx","statementMap":{"0":{"start":{"line":1,"column":0},"end":{"line":1,"column":51}},"1":{"start":{"line":3,"column":19},"end":{"line":28,"column":1}},"2":{"start":{"line":12,"column":42},"end":{"line":12,"column":59}},"3":{"start":{"line":14,"column":2},"end":{"line":27,"column":4}},"4":{"start":{"line":17,"column":8},"end":{"line":20,"column":11}},"5":{"start":{"line":21,"column":8},"end":{"line":21,"column":39}},"6":{"start":{"line":30,"column":0},"end":{"line":30,"column":26}}},"fnMap":{"0":{"name":"(anonymous_0)","decl":{"start":{"line":3,"column":19},"end":{"line":3,"column":20}},"loc":{"start":{"line":11,"column":5},"end":{"line":28,"column":1}}},"1":{"name":"(anonymous_1)","decl":{"start":{"line":16,"column":15},"end":{"line":16,"column":18}},"loc":{"start":{"line":16,"column":20},"end":{"line":22,"column":7}}}},"branchMap":{"0":{"loc":{"start":{"line":19,"column":18},"end":{"line":19,"column":50}},"type":"binary-expr","locations":[{"start":{"line":19,"column":18},"end":{"line":19,"column":44}},{"start":{"line":19,"column":48},"end":{"line":19,"column":50}}]}},"s":{"0":2,"1":2,"2":54,"3":54,"4":1,"5":1,"6":2},"f":{"0":54,"1":1},"b":{"0":[1,1]}}
,"D:\\Training\\React\\module_review_2\\src\\components\\Pagination.tsx": {"path":"D:\\Training\\React\\module_review_2\\src\\components\\Pagination.tsx","statementMap":{"0":{"start":{"line":1,"column":0},"end":{"line":1,"column":51}},"1":{"start":{"line":2,"column":0},"end":{"line":2,"column":null}},"2":{"start":{"line":6,"column":0},"end":{"line":6,"column":46}},"3":{"start":{"line":7,"column":19},"end":{"line":59,"column":1}},"4":{"start":{"line":8,"column":42},"end":{"line":8,"column":59}},"5":{"start":{"line":10,"column":19},"end":{"line":10,"column":52}},"6":{"start":{"line":12,"column":15},"end":{"line":12,"column":78}},"7":{"start":{"line":14,"column":24},"end":{"line":17,"column":3}},"8":{"start":{"line":15,"column":4},"end":{"line":15,"column":46}},"9":{"start":{"line":16,"column":4},"end":{"line":16,"column":34}},"10":{"start":{"line":19,"column":2},"end":{"line":58,"column":4}},"11":{"start":{"line":35,"column":27},"end":{"line":35,"column":50}},"12":{"start":{"line":50,"column":27},"end":{"line":50,"column":50}},"13":{"start":{"line":61,"column":0},"end":{"line":61,"column":26}}},"fnMap":{"0":{"name":"(anonymous_0)","decl":{"start":{"line":7,"column":19},"end":{"line":7,"column":20}},"loc":{"start":{"line":7,"column":52},"end":{"line":59,"column":1}}},"1":{"name":"(anonymous_1)","decl":{"start":{"line":14,"column":24},"end":{"line":14,"column":25}},"loc":{"start":{"line":14,"column":41},"end":{"line":17,"column":3}}},"2":{"name":"(anonymous_2)","decl":{"start":{"line":35,"column":21},"end":{"line":35,"column":24}},"loc":{"start":{"line":35,"column":27},"end":{"line":35,"column":50}}},"3":{"name":"(anonymous_3)","decl":{"start":{"line":50,"column":21},"end":{"line":50,"column":24}},"loc":{"start":{"line":50,"column":27},"end":{"line":50,"column":50}}}},"branchMap":{"0":{"loc":{"start":{"line":12,"column":15},"end":{"line":12,"column":78}},"type":"cond-expr","locations":[{"start":{"line":12,"column":42},"end":{"line":12,"column":74}},{"start":{"line":12,"column":77},"end":{"line":12,"column":78}}]},"1":{"loc":{"start":{"line":27,"column":11},"end":{"line":27,"column":60}},"type":"cond-expr","locations":[{"start":{"line":27,"column":31},"end":{"line":27,"column":36}},{"start":{"line":27,"column":39},"end":{"line":27,"column":60}}]},"2":{"loc":{"start":{"line":32,"column":9},"end":{"line":39,"column":null}},"type":"binary-expr","locations":[{"start":{"line":32,"column":9},"end":{"line":32,"column":17}},{"start":{"line":33,"column":10},"end":{"line":38,"column":null}}]},"3":{"loc":{"start":{"line":47,"column":9},"end":{"line":54,"column":null}},"type":"binary-expr","locations":[{"start":{"line":47,"column":9},"end":{"line":47,"column":24}},{"start":{"line":48,"column":10},"end":{"line":53,"column":null}}]}},"s":{"0":2,"1":2,"2":2,"3":2,"4":4,"5":4,"6":4,"7":4,"8":1,"9":1,"10":4,"11":0,"12":1,"13":2},"f":{"0":4,"1":1,"2":0,"3":1},"b":{"0":[1,3],"1":[2,2],"2":[4,1],"3":[4,2]}}
,"D:\\Training\\React\\module_review_2\\src\\components\\Search.tsx": {"path":"D:\\Training\\React\\module_review_2\\src\\components\\Search.tsx","statementMap":{"0":{"start":{"line":1,"column":0},"end":{"line":1,"column":38}},"1":{"start":{"line":3,"column":16},"end":{"line":10,"column":2}},"2":{"start":{"line":12,"column":15},"end":{"line":38,"column":1}},"3":{"start":{"line":19,"column":2},"end":{"line":37,"column":4}},"4":{"start":{"line":24,"column":10},"end":{"line":25,"column":null}},"5":{"start":{"line":40,"column":0},"end":{"line":40,"column":22}}},"fnMap":{"0":{"name":"(anonymous_1)","decl":{"start":{"line":12,"column":15},"end":{"line":12,"column":16}},"loc":{"start":{"line":18,"column":5},"end":{"line":38,"column":1}}},"1":{"name":"(anonymous_2)","decl":{"start":{"line":23,"column":21},"end":{"line":23,"column":22}},"loc":{"start":{"line":24,"column":10},"end":{"line":25,"column":null}}}},"branchMap":{"0":{"loc":{"start":{"line":27,"column":14},"end":{"line":29,"column":32}},"type":"cond-expr","locations":[{"start":{"line":28,"column":18},"end":{"line":28,"column":49}},{"start":{"line":29,"column":18},"end":{"line":29,"column":32}}]}},"s":{"0":2,"1":2,"2":2,"3":9,"4":54,"5":2},"f":{"0":9,"1":54},"b":{"0":[9,45]}}
,"D:\\Training\\React\\module_review_2\\src\\constants\\index.ts": {"path":"D:\\Training\\React\\module_review_2\\src\\constants\\index.ts","statementMap":{"0":{"start":{"line":1,"column":13},"end":{"line":1,"column":33}},"1":{"start":{"line":2,"column":13},"end":{"line":2,"column":null}}},"fnMap":{},"branchMap":{},"s":{"0":4,"1":4},"f":{},"b":{}}
,"D:\\Training\\React\\module_review_2\\src\\fetchApi\\getDataInfiniteLoad.ts": {"path":"D:\\Training\\React\\module_review_2\\src\\fetchApi\\getDataInfiniteLoad.ts","statementMap":{"0":{"start":{"line":1,"column":0},"end":{"line":1,"column":26}},"1":{"start":{"line":2,"column":0},"end":{"line":2,"column":56}},"2":{"start":{"line":3,"column":0},"end":{"line":3,"column":69}},"3":{"start":{"line":5,"column":35},"end":{"line":36,"column":2}},"4":{"start":{"line":5,"column":76},"end":{"line":36,"column":2}},"5":{"start":{"line":6,"column":17},"end":{"line":6,"column":49}},"6":{"start":{"line":8,"column":42},"end":{"line":24,"column":4}},"7":{"start":{"line":26,"column":17},"end":{"line":26,"column":49}},"8":{"start":{"line":28,"column":14},"end":{"line":29,"column":null}},"9":{"start":{"line":31,"column":2},"end":{"line":35,"column":4}},"10":{"start":{"line":5,"column":13},"end":{"line":5,"column":35}}},"fnMap":{"0":{"name":"(anonymous_8)","decl":{"start":{"line":5,"column":35},"end":{"line":5,"column":42}},"loc":{"start":{"line":5,"column":76},"end":{"line":36,"column":2}}},"1":{"name":"(anonymous_9)","decl":{"start":{"line":5,"column":76},"end":{"line":5,"column":null}},"loc":{"start":{"line":5,"column":72},"end":{"line":36,"column":1}}}},"branchMap":{"0":{"loc":{"start":{"line":5,"column":44},"end":{"line":5,"column":57}},"type":"default-arg","locations":[{"start":{"line":5,"column":56},"end":{"line":5,"column":57}}]},"1":{"loc":{"start":{"line":5,"column":59},"end":{"line":5,"column":70}},"type":"default-arg","locations":[{"start":{"line":5,"column":67},"end":{"line":5,"column":70}}]}},"s":{"0":3,"1":3,"2":3,"3":3,"4":14,"5":14,"6":14,"7":14,"8":14,"9":7,"10":3},"f":{"0":14,"1":14},"b":{"0":[14],"1":[0]}}
,"D:\\Training\\React\\module_review_2\\src\\fetchApi\\getDataWithPagination.ts": {"path":"D:\\Training\\React\\module_review_2\\src\\fetchApi\\getDataWithPagination.ts","statementMap":{"0":{"start":{"line":1,"column":0},"end":{"line":1,"column":26}},"1":{"start":{"line":2,"column":0},"end":{"line":2,"column":56}},"2":{"start":{"line":3,"column":0},"end":{"line":3,"column":69}},"3":{"start":{"line":5,"column":37},"end":{"line":102,"column":2}},"4":{"start":{"line":17,"column":5},"end":{"line":102,"column":2}},"5":{"start":{"line":30,"column":17},"end":{"line":30,"column":44}},"6":{"start":{"line":32,"column":42},"end":{"line":43,"column":4}},"7":{"start":{"line":45,"column":2},"end":{"line":71,"column":3}},"8":{"start":{"line":46,"column":4},"end":{"line":50,"column":7}},"9":{"start":{"line":52,"column":4},"end":{"line":56,"column":7}},"10":{"start":{"line":58,"column":4},"end":{"line":70,"column":5}},"11":{"start":{"line":59,"column":6},"end":{"line":63,"column":9}},"12":{"start":{"line":64,"column":11},"end":{"line":70,"column":5}},"13":{"start":{"line":65,"column":6},"end":{"line":69,"column":9}},"14":{"start":{"line":72,"column":2},"end":{"line":76,"column":5}},"15":{"start":{"line":78,"column":2},"end":{"line":82,"column":5}},"16":{"start":{"line":84,"column":17},"end":{"line":84,"column":49}},"17":{"start":{"line":86,"column":14},"end":{"line":86,"column":49}},"18":{"start":{"line":87,"column":2},"end":{"line":101,"column":3}},"19":{"start":{"line":88,"column":16},"end":{"line":88,"column":36}},"20":{"start":{"line":90,"column":31},"end":{"line":90,"column":39}},"21":{"start":{"line":92,"column":4},"end":{"line":92,"column":30}},"22":{"start":{"line":94,"column":4},"end":{"line":99,"column":5}},"23":{"start":{"line":95,"column":6},"end":{"line":95,"column":52}},"24":{"start":{"line":96,"column":6},"end":{"line":96,"column":37}},"25":{"start":{"line":98,"column":6},"end":{"line":98,"column":47}},"26":{"start":{"line":100,"column":4},"end":{"line":100,"column":14}},"27":{"start":{"line":5,"column":13},"end":{"line":5,"column":37}}},"fnMap":{"0":{"name":"(anonymous_8)","decl":{"start":{"line":5,"column":37},"end":{"line":5,"column":44}},"loc":{"start":{"line":17,"column":5},"end":{"line":102,"column":2}}},"1":{"name":"(anonymous_9)","decl":{"start":{"line":17,"column":5},"end":{"line":17,"column":null}},"loc":{"start":{"line":17,"column":1},"end":{"line":102,"column":1}}}},"branchMap":{"0":{"loc":{"start":{"line":45,"column":2},"end":{"line":71,"column":3}},"type":"if","locations":[{"start":{"line":45,"column":2},"end":{"line":71,"column":3}},{"start":{"line":57,"column":9},"end":{"line":71,"column":3}}]},"1":{"loc":{"start":{"line":45,"column":6},"end":{"line":45,"column":41}},"type":"binary-expr","locations":[{"start":{"line":45,"column":6},"end":{"line":45,"column":22}},{"start":{"line":45,"column":26},"end":{"line":45,"column":41}}]},"2":{"loc":{"start":{"line":58,"column":4},"end":{"line":70,"column":5}},"type":"if","locations":[{"start":{"line":58,"column":4},"end":{"line":70,"column":5}},{"start":{"line":64,"column":11},"end":{"line":70,"column":5}}]},"3":{"loc":{"start":{"line":64,"column":11},"end":{"line":70,"column":5}},"type":"if","locations":[{"start":{"line":64,"column":11},"end":{"line":70,"column":5}},{"start":{},"end":{}}]},"4":{"loc":{"start":{"line":81,"column":12},"end":{"line":81,"column":48}},"type":"cond-expr","locations":[{"start":{"line":81,"column":36},"end":{"line":81,"column":41}},{"start":{"line":81,"column":44},"end":{"line":81,"column":48}}]},"5":{"loc":{"start":{"line":94,"column":4},"end":{"line":99,"column":5}},"type":"if","locations":[{"start":{"line":94,"column":4},"end":{"line":99,"column":5}},{"start":{"line":97,"column":11},"end":{"line":99,"column":5}}]}},"s":{"0":3,"1":3,"2":3,"3":3,"4":8,"5":8,"6":8,"7":8,"8":1,"9":1,"10":7,"11":5,"12":2,"13":2,"14":8,"15":8,"16":8,"17":8,"18":8,"19":8,"20":4,"21":4,"22":1,"23":0,"24":0,"25":1,"26":1,"27":3},"f":{"0":8,"1":8},"b":{"0":[1,7],"1":[8,2],"2":[5,2],"3":[2,0],"4":[8,0],"5":[0,1]}}
,"D:\\Training\\React\\module_review_2\\src\\fetures\\useGetDataWithPagination.ts": {"path":"D:\\Training\\React\\module_review_2\\src\\fetures\\useGetDataWithPagination.ts","statementMap":{"0":{"start":{"line":1,"column":0},"end":{"line":1,"column":49}},"1":{"start":{"line":2,"column":0},"end":{"line":2,"column":51}},"2":{"start":{"line":3,"column":0},"end":{"line":3,"column":74}},"3":{"start":{"line":5,"column":40},"end":{"line":33,"column":1}},"4":{"start":{"line":6,"column":25},"end":{"line":6,"column":42}},"5":{"start":{"line":8,"column":17},"end":{"line":8,"column":54}},"6":{"start":{"line":9,"column":17},"end":{"line":9,"column":54}},"7":{"start":{"line":10,"column":15},"end":{"line":10,"column":55}},"8":{"start":{"line":12,"column":55},"end":{"line":15,"column":4}},"9":{"start":{"line":17,"column":2},"end":{"line":22,"column":5}},"10":{"start":{"line":18,"column":25},"end":{"line":18,"column":40}},"11":{"start":{"line":19,"column":4},"end":{"line":21,"column":5}},"12":{"start":{"line":20,"column":6},"end":{"line":20,"column":29}},"13":{"start":{"line":24,"column":15},"end":{"line":24,"column":54}},"14":{"start":{"line":26,"column":39},"end":{"line":30,"column":4}},"15":{"start":{"line":28,"column":6},"end":{"line":28,"column":70}},"16":{"start":{"line":32,"column":2},"end":{"line":32,"column":38}},"17":{"start":{"line":5,"column":13},"end":{"line":5,"column":40}}},"fnMap":{"0":{"name":"(anonymous_0)","decl":{"start":{"line":5,"column":40},"end":{"line":5,"column":43}},"loc":{"start":{"line":5,"column":45},"end":{"line":33,"column":1}}},"1":{"name":"(anonymous_1)","decl":{"start":{"line":17,"column":28},"end":{"line":17,"column":29}},"loc":{"start":{"line":17,"column":37},"end":{"line":22,"column":3}}},"2":{"name":"(anonymous_2)","decl":{"start":{"line":27,"column":13},"end":{"line":27,"column":16}},"loc":{"start":{"line":28,"column":6},"end":{"line":28,"column":70}}}},"branchMap":{"0":{"loc":{"start":{"line":8,"column":17},"end":{"line":8,"column":54}},"type":"binary-expr","locations":[{"start":{"line":8,"column":17},"end":{"line":8,"column":43}},{"start":{"line":8,"column":47},"end":{"line":8,"column":54}}]},"1":{"loc":{"start":{"line":9,"column":17},"end":{"line":9,"column":54}},"type":"binary-expr","locations":[{"start":{"line":9,"column":17},"end":{"line":9,"column":43}},{"start":{"line":9,"column":47},"end":{"line":9,"column":54}}]},"2":{"loc":{"start":{"line":10,"column":15},"end":{"line":10,"column":55}},"type":"binary-expr","locations":[{"start":{"line":10,"column":15},"end":{"line":10,"column":39}},{"start":{"line":10,"column":43},"end":{"line":10,"column":55}}]},"3":{"loc":{"start":{"line":19,"column":4},"end":{"line":21,"column":5}},"type":"if","locations":[{"start":{"line":19,"column":4},"end":{"line":21,"column":5}},{"start":{},"end":{}}]},"4":{"loc":{"start":{"line":19,"column":8},"end":{"line":19,"column":43}},"type":"binary-expr","locations":[{"start":{"line":19,"column":8},"end":{"line":19,"column":23}},{"start":{"line":19,"column":27},"end":{"line":19,"column":43}}]},"5":{"loc":{"start":{"line":24,"column":22},"end":{"line":24,"column":53}},"type":"binary-expr","locations":[{"start":{"line":24,"column":22},"end":{"line":24,"column":46}},{"start":{"line":24,"column":50},"end":{"line":24,"column":53}}]}},"s":{"0":2,"1":2,"2":2,"3":2,"4":8,"5":8,"6":8,"7":8,"8":8,"9":8,"10":8,"11":8,"12":0,"13":8,"14":8,"15":3,"16":8,"17":2},"f":{"0":8,"1":8,"2":3},"b":{"0":[8,7],"1":[8,8],"2":[8,8],"3":[0,8],"4":[8,8],"5":[8,8]}}
,"D:\\Training\\React\\module_review_2\\src\\fetures\\useGetInfiniteLoad.ts": {"path":"D:\\Training\\React\\module_review_2\\src\\fetures\\useGetInfiniteLoad.ts","statementMap":{"0":{"start":{"line":1,"column":0},"end":{"line":1,"column":57}},"1":{"start":{"line":2,"column":0},"end":{"line":2,"column":70}},"2":{"start":{"line":4,"column":34},"end":{"line":28,"column":1}},"3":{"start":{"line":12,"column":6},"end":{"line":18,"column":4}},"4":{"start":{"line":14,"column":19},"end":{"line":14,"column":49}},"5":{"start":{"line":16,"column":6},"end":{"line":16,"column":56}},"6":{"start":{"line":20,"column":2},"end":{"line":27,"column":4}},"7":{"start":{"line":4,"column":13},"end":{"line":4,"column":34}}},"fnMap":{"0":{"name":"(anonymous_0)","decl":{"start":{"line":4,"column":34},"end":{"line":4,"column":35}},"loc":{"start":{"line":4,"column":54},"end":{"line":28,"column":1}}},"1":{"name":"(anonymous_1)","decl":{"start":{"line":14,"column":13},"end":{"line":14,"column":16}},"loc":{"start":{"line":14,"column":19},"end":{"line":14,"column":49}}},"2":{"name":"(anonymous_2)","decl":{"start":{"line":15,"column":22},"end":{"line":15,"column":23}},"loc":{"start":{"line":16,"column":6},"end":{"line":16,"column":56}}}},"branchMap":{"0":{"loc":{"start":{"line":4,"column":37},"end":{"line":4,"column":48}},"type":"default-arg","locations":[{"start":{"line":4,"column":45},"end":{"line":4,"column":48}}]},"1":{"loc":{"start":{"line":16,"column":6},"end":{"line":16,"column":56}},"type":"cond-expr","locations":[{"start":{"line":16,"column":25},"end":{"line":16,"column":44}},{"start":{"line":16,"column":47},"end":{"line":16,"column":56}}]}},"s":{"0":3,"1":3,"2":3,"3":25,"4":14,"5":3,"6":25,"7":3},"f":{"0":25,"1":14,"2":3},"b":{"0":[0],"1":[0,3]}}
,"D:\\Training\\React\\module_review_2\\src\\store\\store.ts": {"path":"D:\\Training\\React\\module_review_2\\src\\store\\store.ts","statementMap":{"0":{"start":{"line":1,"column":0},"end":{"line":1,"column":36}},"1":{"start":{"line":7,"column":29},"end":{"line":9,"column":2}},"2":{"start":{"line":11,"column":30},"end":{"line":14,"column":2}},"3":{"start":{"line":11,"column":49},"end":{"line":14,"column":2}},"4":{"start":{"line":11,"column":13},"end":{"line":11,"column":30}},"5":{"start":{"line":16,"column":16},"end":{"line":27,"column":1}},"6":{"start":{"line":20,"column":2},"end":{"line":26,"column":3}},"7":{"start":{"line":22,"column":6},"end":{"line":22,"column":47}},"8":{"start":{"line":25,"column":6},"end":{"line":25,"column":19}},"9":{"start":{"line":29,"column":13},"end":{"line":29,"column":42}}},"fnMap":{"0":{"name":"(anonymous_0)","decl":{"start":{"line":11,"column":30},"end":{"line":11,"column":31}},"loc":{"start":{"line":11,"column":49},"end":{"line":14,"column":2}}},"1":{"name":"(anonymous_1)","decl":{"start":{"line":16,"column":16},"end":{"line":16,"column":null}},"loc":{"start":{"line":19,"column":4},"end":{"line":27,"column":1}}}},"branchMap":{"0":{"loc":{"start":{"line":17,"column":2},"end":{"line":17,"column":30}},"type":"default-arg","locations":[{"start":{"line":17,"column":18},"end":{"line":17,"column":30}}]},"1":{"loc":{"start":{"line":20,"column":2},"end":{"line":26,"column":3}},"type":"switch","locations":[{"start":{"line":21,"column":4},"end":{"line":22,"column":47}},{"start":{"line":24,"column":4},"end":{"line":25,"column":19}}]}},"s":{"0":2,"1":2,"2":2,"3":4,"4":2,"5":2,"6":6,"7":4,"8":2,"9":2},"f":{"0":4,"1":6},"b":{"0":[2],"1":[4,2]}}
,"D:\\Training\\React\\module_review_2\\src\\utils\\helper.ts": {"path":"D:\\Training\\React\\module_review_2\\src\\utils\\helper.ts","statementMap":{"0":{"start":{"line":7,"column":31},"end":{"line":18,"column":1}},"1":{"start":{"line":8,"column":17},"end":{"line":8,"column":60}},"2":{"start":{"line":10,"column":2},"end":{"line":16,"column":3}},"3":{"start":{"line":11,"column":4},"end":{"line":15,"column":5}},"4":{"start":{"line":12,"column":6},"end":{"line":12,"column":41}},"5":{"start":{"line":14,"column":6},"end":{"line":14,"column":31}},"6":{"start":{"line":17,"column":2},"end":{"line":17,"column":27}},"7":{"start":{"line":7,"column":13},"end":{"line":7,"column":31}}},"fnMap":{"0":{"name":"(anonymous_0)","decl":{"start":{"line":7,"column":31},"end":{"line":7,"column":32}},"loc":{"start":{"line":7,"column":75},"end":{"line":18,"column":1}}}},"branchMap":{"0":{"loc":{"start":{"line":11,"column":4},"end":{"line":15,"column":5}},"type":"if","locations":[{"start":{"line":11,"column":4},"end":{"line":15,"column":5}},{"start":{"line":13,"column":11},"end":{"line":15,"column":5}}]}},"s":{"0":4,"1":22,"2":22,"3":83,"4":75,"5":8,"6":22,"7":4},"f":{"0":22},"b":{"0":[75,8]}}
}
