TN:
SF:src\App.tsx
FN:13,(anonymous_1)
FN:16,(anonymous_2)
FN:32,(anonymous_3)
FN:41,(anonymous_4)
FN:96,(anonymous_5)
FNF:5
FNH:3
FNDA:8,(anonymous_1)
FNDA:14,(anonymous_2)
FNDA:0,(anonymous_3)
FNDA:4,(anonymous_4)
FNDA:0,(anonymous_5)
DA:1,2
DA:2,2
DA:3,2
DA:4,2
DA:5,2
DA:6,2
DA:7,2
DA:8,2
DA:9,2
DA:10,2
DA:11,2
DA:12,2
DA:13,2
DA:14,8
DA:16,14
DA:17,8
DA:24,8
DA:26,8
DA:28,8
DA:30,8
DA:32,8
DA:33,0
DA:41,8
DA:42,4
DA:45,8
DA:97,0
DA:115,2
LF:27
LH:25
BRDA:75,0,0,8
BRDA:75,0,1,0
BRDA:93,1,0,8
BRDA:93,1,1,0
BRDA:95,2,0,0
BRDA:95,2,1,0
BRDA:95,3,0,0
BRDA:95,3,1,0
BRDA:95,3,2,0
BRDA:95,3,3,0
BRDA:95,4,0,0
BRDA:95,4,1,0
BRDA:95,5,0,0
BRDA:95,5,1,0
BRDA:104,6,0,8
BRDA:104,6,1,0
BRDA:104,6,2,0
BRDA:104,6,3,0
BRDA:104,6,4,0
BRDA:107,7,0,0
BRDA:107,7,1,0
BRDA:107,8,0,0
BRDA:107,8,1,0
BRDA:108,9,0,0
BRDA:108,9,1,0
BRDA:108,10,0,0
BRDA:108,10,1,0
BRF:27
BRH:3
end_of_record
TN:
SF:src\components\Header.tsx
FN:19,(anonymous_9)
FN:32,(anonymous_10)
FN:36,(anonymous_11)
FN:38,(anonymous_12)
FN:50,(anonymous_13)
FN:67,(anonymous_14)
FN:78,(anonymous_15)
FN:86,(anonymous_16)
FN:110,(anonymous_17)
FN:112,(anonymous_18)
FNF:10
FNH:7
FNDA:25,(anonymous_9)
FNDA:3,(anonymous_10)
FNDA:9,(anonymous_11)
FNDA:0,(anonymous_12)
FNDA:9,(anonymous_13)
FNDA:1,(anonymous_14)
FNDA:175,(anonymous_15)
FNDA:5,(anonymous_16)
FNDA:0,(anonymous_17)
FNDA:0,(anonymous_18)
DA:3,3
DA:4,3
DA:5,3
DA:6,3
DA:7,3
DA:9,3
DA:19,3
DA:20,25
DA:21,25
DA:22,25
DA:30,25
DA:32,25
DA:33,3
DA:36,25
DA:37,9
DA:39,0
DA:40,0
DA:46,9
DA:47,9
DA:50,9
DA:51,9
DA:52,0
DA:57,25
DA:68,1
DA:79,175
DA:87,5
DA:111,0
DA:112,0
DA:147,3
LF:29
LH:24
BRDA:39,0,0,0
BRDA:39,0,1,0
BRDA:39,1,0,0
BRDA:39,1,1,0
BRDA:39,1,2,0
BRDA:46,2,0,9
BRDA:46,2,1,0
BRDA:51,3,0,0
BRDA:51,3,1,9
BRDA:95,4,0,6
BRDA:95,4,1,19
BRDA:98,5,0,24
BRDA:98,5,1,1
BRDA:105,6,0,1
BRDA:105,6,1,0
BRDA:105,7,0,0
BRDA:105,7,1,1
BRDA:105,8,0,1
BRDA:105,8,1,1
BRDA:110,9,0,0
BRDA:110,9,1,0
BRDA:110,10,0,0
BRDA:110,10,1,0
BRDA:119,11,0,0
BRDA:119,11,1,0
BRDA:119,12,0,0
BRDA:119,12,1,0
BRDA:126,13,0,25
BRDA:126,13,1,0
BRDA:129,14,0,25
BRDA:129,14,1,0
BRF:31
BRH:12
end_of_record
TN:
SF:src\components\Heading.tsx
FN:1,(anonymous_0)
FNF:1
FNH:1
FNDA:8,(anonymous_0)
DA:1,2
DA:2,8
DA:17,2
LF:3
LH:3
BRF:0
BRH:0
end_of_record
TN:
SF:src\components\Item.tsx
FN:21,(anonymous_0)
FN:33,(anonymous_1)
FN:39,(anonymous_2)
FN:58,(anonymous_3)
FN:64,(anonymous_4)
FNF:5
FNH:5
FNDA:4,(anonymous_0)
FNDA:2,(anonymous_1)
FNDA:2,(anonymous_2)
FNDA:4,(anonymous_3)
FNDA:4,(anonymous_4)
DA:21,2
DA:22,4
DA:23,2
DA:34,2
DA:40,2
DA:49,2
DA:59,4
DA:65,4
DA:74,2
LF:9
LH:9
BRDA:22,0,0,2
BRDA:22,0,1,2
BRDA:27,1,0,2
BRDA:27,1,1,2
BRDA:30,2,0,0
BRDA:30,2,1,2
BRDA:30,3,0,2
BRDA:30,3,1,2
BRDA:33,4,0,0
BRDA:33,4,1,2
BRDA:33,5,0,2
BRDA:33,5,1,2
BRDA:39,6,0,0
BRDA:39,6,1,2
BRDA:39,7,0,2
BRDA:39,7,1,2
BRDA:53,8,0,2
BRDA:53,8,1,2
BRDA:64,9,0,0
BRDA:64,9,1,2
BRDA:64,10,0,2
BRDA:64,10,1,2
BRF:22
BRH:18
end_of_record
TN:
SF:src\components\ItemFilter.tsx
FN:3,(anonymous_0)
FN:16,(anonymous_1)
FNF:2
FNH:2
FNDA:54,(anonymous_0)
FNDA:1,(anonymous_1)
DA:1,2
DA:3,2
DA:12,54
DA:14,54
DA:17,1
DA:21,1
DA:30,2
LF:7
LH:7
BRDA:19,0,0,1
BRDA:19,0,1,1
BRF:2
BRH:2
end_of_record
TN:
SF:src\components\Pagination.tsx
FN:7,(anonymous_0)
FN:14,(anonymous_1)
FN:37,(anonymous_2)
FN:51,(anonymous_3)
FNF:4
FNH:3
FNDA:4,(anonymous_0)
FNDA:1,(anonymous_1)
FNDA:0,(anonymous_2)
FNDA:1,(anonymous_3)
DA:1,2
DA:2,2
DA:6,2
DA:7,2
DA:8,4
DA:10,4
DA:12,4
DA:14,4
DA:15,1
DA:16,1
DA:19,4
DA:37,0
DA:51,1
DA:62,2
LF:14
LH:13
BRDA:12,0,0,1
BRDA:12,0,1,3
BRDA:30,1,0,2
BRDA:30,1,1,2
BRDA:35,2,0,4
BRDA:35,2,1,1
BRDA:49,3,0,4
BRDA:49,3,1,2
BRF:8
BRH:8
end_of_record
TN:
SF:src\components\Search.tsx
FN:12,(anonymous_1)
FN:23,(anonymous_2)
FNF:2
FNH:2
FNDA:9,(anonymous_1)
FNDA:54,(anonymous_2)
DA:1,2
DA:3,2
DA:12,2
DA:19,9
DA:24,54
DA:40,2
LF:6
LH:6
BRDA:27,0,0,9
BRDA:27,0,1,45
BRF:2
BRH:2
end_of_record
TN:
SF:src\constants\index.ts
FNF:0
FNH:0
DA:1,4
LF:1
LH:1
BRF:0
BRH:0
end_of_record
TN:
SF:src\fetchApi\getDataInfiniteLoad.ts
FN:4,(anonymous_8)
FN:4,(anonymous_9)
FNF:2
FNH:2
FNDA:14,(anonymous_8)
FNDA:14,(anonymous_9)
DA:1,3
DA:2,3
DA:4,14
DA:5,14
DA:10,7
LF:5
LH:5
BRDA:4,0,0,14
BRDA:4,1,0,0
BRF:2
BRH:1
end_of_record
TN:
SF:src\fetchApi\getDataWithPagination.ts
FN:4,(anonymous_8)
FN:14,(anonymous_9)
FNF:2
FNH:2
FNDA:8,(anonymous_8)
FNDA:8,(anonymous_9)
DA:1,3
DA:2,3
DA:4,3
DA:14,8
DA:15,8
DA:16,8
DA:18,8
DA:19,1
DA:21,7
DA:22,5
DA:23,2
DA:24,2
DA:28,8
DA:29,8
DA:31,4
DA:33,4
DA:35,1
DA:36,0
DA:37,0
DA:39,1
DA:41,1
LF:21
LH:19
BRDA:18,0,0,1
BRDA:18,0,1,7
BRDA:18,1,0,8
BRDA:18,1,1,2
BRDA:21,2,0,5
BRDA:21,2,1,2
BRDA:23,3,0,2
BRDA:23,3,1,0
BRDA:35,4,0,0
BRDA:35,4,1,1
BRF:10
BRH:8
end_of_record
TN:
SF:src\fetures\useGetDataWithPagination.ts
FN:5,(anonymous_0)
FN:18,(anonymous_1)
FN:30,(anonymous_2)
FNF:3
FNH:3
FNDA:8,(anonymous_0)
FNDA:8,(anonymous_1)
FNDA:3,(anonymous_2)
DA:1,2
DA:2,2
DA:3,2
DA:5,2
DA:6,8
DA:8,8
DA:9,8
DA:13,8
DA:18,8
DA:19,8
DA:20,8
DA:21,0
DA:27,8
DA:29,8
DA:30,3
DA:34,8
LF:16
LH:15
BRDA:8,0,0,8
BRDA:8,0,1,7
BRDA:9,1,0,8
BRDA:9,1,1,8
BRDA:20,2,0,0
BRDA:20,2,1,8
BRDA:20,3,0,8
BRDA:20,3,1,8
BRDA:27,4,0,8
BRDA:27,4,1,8
BRF:10
BRH:9
end_of_record
TN:
SF:src\fetures\useGetInfiniteLoad.ts
FN:4,(anonymous_0)
FN:8,(anonymous_1)
FN:9,(anonymous_2)
FNF:3
FNH:3
FNDA:25,(anonymous_0)
FNDA:14,(anonymous_1)
FNDA:3,(anonymous_2)
DA:1,3
DA:2,3
DA:4,3
DA:6,25
DA:8,14
DA:10,3
DA:16,25
LF:7
LH:7
BRDA:4,0,0,0
BRDA:10,1,0,0
BRDA:10,1,1,3
BRF:3
BRH:1
end_of_record
TN:
SF:src\store\store.ts
FN:11,(anonymous_0)
FN:16,(anonymous_1)
FNF:2
FNH:2
FNDA:4,(anonymous_0)
FNDA:6,(anonymous_1)
DA:1,2
DA:7,2
DA:11,4
DA:16,2
DA:20,6
DA:22,4
DA:25,2
DA:29,2
LF:8
LH:8
BRDA:17,0,0,2
BRDA:20,1,0,4
BRDA:20,1,1,2
BRF:3
BRH:3
end_of_record
