TN:
SF:src\App.tsx
FN:13,(anonymous_1)
FN:18,(anonymous_2)
FN:36,(anonymous_3)
FN:44,(anonymous_4)
FN:46,(anonymous_5)
FN:53,(anonymous_6)
FN:130,(anonymous_7)
FNF:7
FNH:3
FNDA:8,(anonymous_1)
FNDA:14,(anonymous_2)
FNDA:0,(anonymous_3)
FNDA:0,(anonymous_4)
FNDA:0,(anonymous_5)
FNDA:4,(anonymous_6)
FNDA:0,(anonymous_7)
DA:1,2
DA:2,2
DA:3,2
DA:4,2
DA:5,2
DA:6,2
DA:7,2
DA:8,2
DA:9,2
DA:10,2
DA:11,2
DA:12,2
DA:13,2
DA:14,8
DA:16,8
DA:18,14
DA:19,8
DA:23,8
DA:30,8
DA:32,8
DA:34,8
DA:36,8
DA:37,0
DA:44,8
DA:45,0
DA:46,0
DA:47,0
DA:48,0
DA:53,8
DA:54,4
DA:57,8
DA:131,0
DA:149,2
LF:33
LH:27
BRDA:20,0,0,8
BRDA:20,0,1,8
BRDA:87,1,0,8
BRDA:87,1,1,0
BRDA:93,2,0,8
BRDA:93,2,1,6
BRDA:121,3,0,8
BRDA:121,3,1,0
BRDA:121,3,2,0
BRDA:121,3,3,0
BRDA:121,3,4,0
BRDA:124,4,0,0
BRDA:124,4,1,0
BRDA:124,5,0,0
BRDA:124,5,1,0
BRDA:125,6,0,0
BRDA:125,6,1,0
BRDA:125,7,0,0
BRDA:125,7,1,0
BRDA:127,8,0,8
BRDA:127,8,1,0
BRDA:129,9,0,0
BRDA:129,9,1,0
BRDA:129,10,0,0
BRDA:129,10,1,0
BRDA:129,10,2,0
BRDA:129,10,3,0
BRDA:129,11,0,0
BRDA:129,11,1,0
BRDA:129,12,0,0
BRDA:129,12,1,0
BRDA:138,13,0,8
BRDA:138,13,1,0
BRDA:138,13,2,0
BRDA:138,13,3,0
BRDA:138,13,4,0
BRDA:141,14,0,0
BRDA:141,14,1,0
BRDA:141,15,0,0
BRDA:141,15,1,0
BRDA:142,16,0,0
BRDA:142,16,1,0
BRDA:142,17,0,0
BRDA:142,17,1,0
BRF:44
BRH:8
end_of_record
TN:
SF:src\components\Header.tsx
FN:19,(anonymous_9)
FN:32,(anonymous_10)
FN:36,(anonymous_11)
FN:38,(anonymous_12)
FN:50,(anonymous_13)
FN:67,(anonymous_14)
FN:78,(anonymous_15)
FN:86,(anonymous_16)
FN:113,(anonymous_17)
FN:115,(anonymous_18)
FNF:10
FNH:7
FNDA:25,(anonymous_9)
FNDA:3,(anonymous_10)
FNDA:9,(anonymous_11)
FNDA:0,(anonymous_12)
FNDA:9,(anonymous_13)
FNDA:1,(anonymous_14)
FNDA:175,(anonymous_15)
FNDA:5,(anonymous_16)
FNDA:0,(anonymous_17)
FNDA:0,(anonymous_18)
DA:3,3
DA:4,3
DA:5,3
DA:6,3
DA:7,3
DA:9,3
DA:19,3
DA:20,25
DA:21,25
DA:22,25
DA:30,25
DA:32,25
DA:33,3
DA:36,25
DA:37,9
DA:39,0
DA:40,0
DA:46,9
DA:47,9
DA:50,9
DA:51,9
DA:52,0
DA:57,25
DA:68,1
DA:79,175
DA:87,5
DA:114,0
DA:115,0
DA:150,3
LF:29
LH:24
BRDA:39,0,0,0
BRDA:39,0,1,0
BRDA:39,1,0,0
BRDA:39,1,1,0
BRDA:39,1,2,0
BRDA:46,2,0,9
BRDA:46,2,1,0
BRDA:51,3,0,0
BRDA:51,3,1,9
BRDA:95,4,0,6
BRDA:95,4,1,19
BRDA:98,5,0,24
BRDA:98,5,1,1
BRDA:105,6,0,1
BRDA:105,6,1,0
BRDA:105,7,0,0
BRDA:105,7,1,1
BRDA:105,8,0,1
BRDA:105,8,1,1
BRDA:113,9,0,0
BRDA:113,9,1,0
BRDA:113,10,0,0
BRDA:113,10,1,0
BRDA:122,11,0,0
BRDA:122,11,1,0
BRDA:122,12,0,0
BRDA:122,12,1,0
BRDA:129,13,0,25
BRDA:129,13,1,0
BRDA:132,14,0,25
BRDA:132,14,1,0
BRF:31
BRH:12
end_of_record
TN:
SF:src\components\Heading.tsx
FN:1,(anonymous_0)
FNF:1
FNH:1
FNDA:8,(anonymous_0)
DA:1,2
DA:2,8
DA:17,2
LF:3
LH:3
BRF:0
BRH:0
end_of_record
TN:
SF:src\components\Item.tsx
FN:21,(anonymous_0)
FN:33,(anonymous_1)
FN:39,(anonymous_2)
FN:58,(anonymous_3)
FN:64,(anonymous_4)
FNF:5
FNH:5
FNDA:4,(anonymous_0)
FNDA:2,(anonymous_1)
FNDA:2,(anonymous_2)
FNDA:4,(anonymous_3)
FNDA:4,(anonymous_4)
DA:21,2
DA:22,4
DA:23,2
DA:34,2
DA:40,2
DA:49,2
DA:59,4
DA:65,4
DA:74,2
LF:9
LH:9
BRDA:22,0,0,2
BRDA:22,0,1,2
BRDA:27,1,0,2
BRDA:27,1,1,2
BRDA:30,2,0,0
BRDA:30,2,1,2
BRDA:30,3,0,2
BRDA:30,3,1,2
BRDA:33,4,0,0
BRDA:33,4,1,2
BRDA:33,5,0,2
BRDA:33,5,1,2
BRDA:39,6,0,0
BRDA:39,6,1,2
BRDA:39,7,0,2
BRDA:39,7,1,2
BRDA:53,8,0,2
BRDA:53,8,1,2
BRDA:64,9,0,0
BRDA:64,9,1,2
BRDA:64,10,0,2
BRDA:64,10,1,2
BRF:22
BRH:18
end_of_record
TN:
SF:src\components\ItemFilter.tsx
FN:3,(anonymous_0)
FN:16,(anonymous_1)
FNF:2
FNH:2
FNDA:54,(anonymous_0)
FNDA:1,(anonymous_1)
DA:1,2
DA:3,2
DA:12,54
DA:14,54
DA:17,1
DA:21,1
DA:30,2
LF:7
LH:7
BRDA:19,0,0,1
BRDA:19,0,1,1
BRF:2
BRH:2
end_of_record
TN:
SF:src\components\Pagination.tsx
FN:7,(anonymous_0)
FN:14,(anonymous_1)
FN:35,(anonymous_2)
FN:50,(anonymous_3)
FNF:4
FNH:3
FNDA:4,(anonymous_0)
FNDA:1,(anonymous_1)
FNDA:0,(anonymous_2)
FNDA:1,(anonymous_3)
DA:1,2
DA:2,2
DA:6,2
DA:7,2
DA:8,4
DA:10,4
DA:12,4
DA:14,4
DA:15,1
DA:16,1
DA:19,4
DA:35,0
DA:50,1
DA:61,2
LF:14
LH:13
BRDA:12,0,0,1
BRDA:12,0,1,3
BRDA:27,1,0,2
BRDA:27,1,1,2
BRDA:32,2,0,4
BRDA:32,2,1,1
BRDA:47,3,0,4
BRDA:47,3,1,2
BRF:8
BRH:8
end_of_record
TN:
SF:src\components\Search.tsx
FN:12,(anonymous_1)
FN:23,(anonymous_2)
FNF:2
FNH:2
FNDA:9,(anonymous_1)
FNDA:54,(anonymous_2)
DA:1,2
DA:3,2
DA:12,2
DA:19,9
DA:24,54
DA:40,2
LF:6
LH:6
BRDA:27,0,0,9
BRDA:27,0,1,45
BRF:2
BRH:2
end_of_record
TN:
SF:src\constants\index.ts
FNF:0
FNH:0
DA:1,4
DA:2,4
LF:2
LH:2
BRF:0
BRH:0
end_of_record
TN:
SF:src\fetchApi\getDataInfiniteLoad.ts
FN:5,(anonymous_8)
FN:5,(anonymous_9)
FNF:2
FNH:2
FNDA:14,(anonymous_8)
FNDA:14,(anonymous_9)
DA:1,3
DA:2,3
DA:3,3
DA:5,14
DA:6,14
DA:8,14
DA:26,14
DA:28,14
DA:31,7
LF:9
LH:9
BRDA:5,0,0,14
BRDA:5,1,0,0
BRF:2
BRH:1
end_of_record
TN:
SF:src\fetchApi\getDataWithPagination.ts
FN:5,(anonymous_8)
FN:17,(anonymous_9)
FNF:2
FNH:2
FNDA:8,(anonymous_8)
FNDA:8,(anonymous_9)
DA:1,3
DA:2,3
DA:3,3
DA:5,3
DA:17,8
DA:30,8
DA:32,8
DA:45,8
DA:46,1
DA:52,1
DA:58,7
DA:59,5
DA:64,2
DA:65,2
DA:72,8
DA:78,8
DA:84,8
DA:86,8
DA:87,8
DA:88,8
DA:90,4
DA:92,4
DA:94,1
DA:95,0
DA:96,0
DA:98,1
DA:100,1
LF:27
LH:25
BRDA:45,0,0,1
BRDA:45,0,1,7
BRDA:45,1,0,8
BRDA:45,1,1,2
BRDA:58,2,0,5
BRDA:58,2,1,2
BRDA:64,3,0,2
BRDA:64,3,1,0
BRDA:81,4,0,8
BRDA:81,4,1,0
BRDA:94,5,0,0
BRDA:94,5,1,1
BRF:12
BRH:9
end_of_record
TN:
SF:src\fetures\useGetDataWithPagination.ts
FN:5,(anonymous_0)
FN:17,(anonymous_1)
FN:27,(anonymous_2)
FNF:3
FNH:3
FNDA:8,(anonymous_0)
FNDA:8,(anonymous_1)
FNDA:3,(anonymous_2)
DA:1,2
DA:2,2
DA:3,2
DA:5,2
DA:6,8
DA:8,8
DA:9,8
DA:10,8
DA:12,8
DA:17,8
DA:18,8
DA:19,8
DA:20,0
DA:24,8
DA:26,8
DA:28,3
DA:32,8
LF:17
LH:16
BRDA:8,0,0,8
BRDA:8,0,1,7
BRDA:9,1,0,8
BRDA:9,1,1,8
BRDA:10,2,0,8
BRDA:10,2,1,8
BRDA:19,3,0,0
BRDA:19,3,1,8
BRDA:19,4,0,8
BRDA:19,4,1,8
BRDA:24,5,0,8
BRDA:24,5,1,8
BRF:12
BRH:11
end_of_record
TN:
SF:src\fetures\useGetInfiniteLoad.ts
FN:4,(anonymous_0)
FN:14,(anonymous_1)
FN:15,(anonymous_2)
FNF:3
FNH:3
FNDA:25,(anonymous_0)
FNDA:14,(anonymous_1)
FNDA:3,(anonymous_2)
DA:1,3
DA:2,3
DA:4,3
DA:12,25
DA:14,14
DA:16,3
DA:20,25
LF:7
LH:7
BRDA:4,0,0,0
BRDA:16,1,0,0
BRDA:16,1,1,3
BRF:3
BRH:1
end_of_record
TN:
SF:src\store\store.ts
FN:11,(anonymous_0)
FN:16,(anonymous_1)
FNF:2
FNH:2
FNDA:4,(anonymous_0)
FNDA:6,(anonymous_1)
DA:1,2
DA:7,2
DA:11,4
DA:16,2
DA:20,6
DA:22,4
DA:25,2
DA:29,2
LF:8
LH:8
BRDA:17,0,0,2
BRDA:20,1,0,4
BRDA:20,1,1,2
BRF:3
BRH:3
end_of_record
TN:
SF:src\utils\helper.ts
FN:7,(anonymous_0)
FNF:1
FNH:1
FNDA:22,(anonymous_0)
DA:7,4
DA:8,22
DA:10,22
DA:11,83
DA:12,75
DA:14,8
DA:17,22
LF:7
LH:7
BRDA:11,0,0,75
BRDA:11,0,1,8
BRF:2
BRH:2
end_of_record
